[16:57:26] [main/INFO]: Loading Minecraft 1.21.4 with Fabric Loader 0.16.13
[16:57:27] [main/WARN]: Warnings were found!
 - Mod 'Bridging Mod' (bridgingmod) 2.6.2+1.21.3 recommends version 12.0.0-beta.1 or later of modmenu, which is missing!
	 - You should install version 12.0.0-beta.1 or later of modmenu for the optimal experience.
 - Mod 'Forge Config API Port' (forgeconfigapiport) 21.4.1 recommends any version of modmenu, which is missing!
	 - You should install any version of modmenu for the optimal experience.
[16:57:27] [main/INFO]: Loading 171 mods:
	- amplified_nether 1.2.7
	- appleskin 3.0.6+mc1.21.3
	- architectury 15.0.3
	- armor-hud 8.1.0.0
	- balm 21.4.24
	   \-- kuma_api 21.4.6
	- betteradvancements 0.4.6.36
	- bettervillage 3.3.0
	- bridgingmod 2.6.2+1.21.3
	- carryon 2.3.0
	- chunky 1.4.27
	- cicada 0.11.9+1.21.4
	- cloth-config 17.0.144
	   \-- cloth-basic-math 0.6.1
	- clumps 22.0.0.1
	- cobweb 1.3.3
	- collective 8.1
	- crawl 0.14.5
	- creativecore 2.12.35
	   \-- net_neoforged_bus 7.2.0
	- cristellib 2.0.2
	   \-- blue_endless_jankson 1.2.3
	- customizableelytra 2.2.8
	- diagonalfences 21.4.0
	   \-- diagonalblocks 21.4.0
	- do_a_barrel_roll 3.8.1
	   \-- mixinsquared 0.1.2-beta.4
	- durabilitytooltip 1.1.5
	- easyanvils 21.4.1
	- easyelytratakeoff 4.5
	- easymagic 21.4.1
	- elytratrims 4.0.0-alpha.3
	- fabric-api 0.119.2+1.21.4
	   |-- fabric-api-base 0.4.54+b47eab6b04
	   |-- fabric-api-lookup-api-v1 1.6.86+b1caf1e904
	   |-- fabric-biome-api-v1 15.0.6+b1c29d8e04
	   |-- fabric-block-api-v1 1.0.31+7feeb73304
	   |-- fabric-block-view-api-v2 1.0.20+9c49cc8c04
	   |-- fabric-blockrenderlayer-v1 2.0.8+7feeb73304
	   |-- fabric-client-tags-api-v1 1.1.29+20ea1e2304
	   |-- fabric-command-api-v1 1.2.62+f71b366f04
	   |-- fabric-command-api-v2 2.2.41+e496eb1504
	   |-- fabric-commands-v0 0.2.79+df3654b304
	   |-- fabric-content-registries-v0 9.1.19+25d1a67604
	   |-- fabric-convention-tags-v1 2.1.20+7f945d5b04
	   |-- fabric-convention-tags-v2 2.14.1+1edcd29104
	   |-- fabric-crash-report-info-v1 0.3.6+7feeb73304
	   |-- fabric-data-attachment-api-v1 1.6.2+e99da0f704
	   |-- fabric-data-generation-api-v1 22.3.1+0f4e5f5504
	   |-- fabric-dimensions-v1 4.0.10+7feeb73304
	   |-- fabric-entity-events-v1 2.0.15+62245bef04
	   |-- fabric-events-interaction-v0 4.0.4+a4eebcf004
	   |-- fabric-game-rule-api-v1 1.0.63+7d48d43904
	   |-- fabric-item-api-v1 11.3.0+ee91fa1f04
	   |-- fabric-item-group-api-v1 4.2.2+fcb9601404
	   |-- fabric-key-binding-api-v1 1.0.57+7d48d43904
	   |-- fabric-keybindings-v0 0.2.55+df3654b304
	   |-- fabric-lifecycle-events-v1 2.5.4+bf2a60eb04
	   |-- fabric-loot-api-v2 3.0.38+3f89f5a504
	   |-- fabric-loot-api-v3 1.0.26+203e6b2304
	   |-- fabric-message-api-v1 6.0.25+7feeb73304
	   |-- fabric-model-loading-api-v1 4.3.0+ae23723504
	   |-- fabric-networking-api-v1 4.4.0+db5e668204
	   |-- fabric-object-builder-api-v1 18.0.14+38b0d59804
	   |-- fabric-particles-v1 4.0.14+7feeb73304
	   |-- fabric-recipe-api-v1 8.1.1+640e77ae04
	   |-- fabric-registry-sync-v0 6.1.11+4a9c1ece04
	   |-- fabric-renderer-api-v1 5.0.3+50f0feb204
	   |-- fabric-renderer-indigo 2.0.3+50f0feb204
	   |-- fabric-rendering-data-attachment-v1 0.3.58+73761d2e04
	   |-- fabric-rendering-fluids-v1 3.1.19+7feeb73304
	   |-- fabric-rendering-v1 10.2.1+0d31b09f04
	   |-- fabric-resource-conditions-api-v1 5.0.13+203e6b2304
	   |-- fabric-resource-loader-v0 3.1.1+360374ac04
	   |-- fabric-screen-api-v1 2.0.38+7feeb73304
	   |-- fabric-screen-handler-api-v1 1.3.118+7feeb73304
	   |-- fabric-sound-api-v1 1.0.32+7feeb73304
	   |-- fabric-tag-api-v1 1.0.7+7d48d43904
	   |-- fabric-transfer-api-v1 5.4.9+efa825c904
	   \-- fabric-transitive-access-wideners-v1 6.3.2+56e78b9b04
	- fabric-language-kotlin 1.13.2+kotlin.2.1.20
	   |-- org_jetbrains_kotlin_kotlin-reflect 2.1.20
	   |-- org_jetbrains_kotlin_kotlin-stdlib 2.1.20
	   |-- org_jetbrains_kotlin_kotlin-stdlib-jdk7 2.1.20
	   |-- org_jetbrains_kotlin_kotlin-stdlib-jdk8 2.1.20
	   |-- org_jetbrains_kotlinx_atomicfu-jvm 0.27.0
	   |-- org_jetbrains_kotlinx_kotlinx-coroutines-core-jvm 1.10.1
	   |-- org_jetbrains_kotlinx_kotlinx-coroutines-jdk8 1.10.1
	   |-- org_jetbrains_kotlinx_kotlinx-datetime-jvm 0.6.2
	   |-- org_jetbrains_kotlinx_kotlinx-io-bytestring-jvm 0.7.0
	   |-- org_jetbrains_kotlinx_kotlinx-io-core-jvm 0.7.0
	   |-- org_jetbrains_kotlinx_kotlinx-serialization-cbor-jvm 1.8.0
	   |-- org_jetbrains_kotlinx_kotlinx-serialization-core-jvm 1.8.0
	   \-- org_jetbrains_kotlinx_kotlinx-serialization-json-jvm 1.8.0
	- fabricloader 0.16.13
	   \-- mixinextras 0.4.1
	- fabrictailor 2.6.3
	   |-- config2brigadier 2.0.1
	   |    \-- fabric-permissions-api-v0 0.3.3
	   \-- fabric-permissions-api-v0 0.3.3
	- fallingtree 1.21.4.1
	- ferritecore 7.1.1
	- forgeconfigapiport 21.4.1
	   |-- com_electronwill_night-config_core 3.8.1
	   \-- com_electronwill_night-config_toml 3.8.1
	- formations 1.0.3
	- formationsoverworld 1.0.4
	- glitchcore 2.3.0.4
	   \-- net_jodah_typetools 0.6.3
	- incendium 5.4.3
	- jade 17.2.2+fabric
	- jamlib 1.3.2+1.21.4
	   \-- blue_endless_jankson 1.2.3
	- java 21
	- journeymap 1.21.4-6.0.0-beta.43
	   |-- ar_com_hjg_pngj 2.1.0
	   |-- commonnetworking 1.0.18-1.21.4
	   \-- journeymap-api-fabric 2.0.0-1.21.4-SNAPSHOT
	- justzoom 2.1.0
	   \-- mixinextras 0.4.1
	- konkrete 1.9.9
	- libraryferret 4.0.0
	- lithostitched 1.4.4
	- mcwdoors 1.1.2
	- mcwpaintings 1.0.5
	- mcwpaths 1.1.0
	- mcwtrpdoors 1.1.4
	- midnightlib 1.7.0
	- mine-spawners 1.5.1
	- minecraft 1.21.4
	- modernfix 5.20.3+mc1.21.4
	- mr_tidal_towns 1.3.4
	- mr_vanilla_backpacks 1.3.1.1
	- notenoughanimations 1.9.3
	- packedup 1.1.0+a
	- puzzleslib 21.4.13
	- pyrotechnic_elytra 1.0.1
	- repurposed_structures 7.5.15+1.21.4-fabric
	- rightclickharvest 4.5.3+1.21.4-patch.1
	- roughlyenoughitems 18.0.798
	   \-- error_notifier 1.0.11
	- sereneseasons 10.4.0.6
	   \-- net_jodah_typetools 0.6.3
	- skinlayers3d 1.7.5
	- supermartijn642configlib 1.1.8
	- supermartijn642corelib 1.1.18+a
	- t_and_t 1.13.5
	- tectonic 2.4.3
	- terralith 2.5.8
	- terrestria 7.2.1
	   |-- biolith 3.2.0
	   |-- terraform-biome-remapper-api-v1 13.0.0-beta.1
	   |-- terraform-config-api-v1 13.0.0-beta.1
	   |-- terraform-dirt-api-v1 13.0.0-beta.1
	   |-- terraform-shapes-api-v1 13.0.0-beta.1
	   |-- terraform-surfaces-api-v1 13.0.0-beta.1
	   |-- terraform-tree-api-v1 13.0.0-beta.1
	   |-- terraform-wood-api-v1 13.0.0-beta.1
	   |-- terrestria-client 7.2.1
	   |-- terrestria-common 7.2.1
	   \-- terrestria-worldgen 7.2.1
	- trade_cycling 1.21.4-1.0.17
	   |-- fabric-key-binding-api-v1 1.0.55+7feeb73382
	   \-- fabric-screen-api-v1 2.0.36+7feeb73382
	- universal-graves 3.6.0+1.21.4
	   |-- common-protection-api 1.0.0
	   |-- fabric-permissions-api-v0 0.3.3
	   |-- placeholder-api 2.5.1+1.21.3
	   |-- polymer-core 0.11.0+1.21.4-rc1
	   |    |-- polymer-networking 0.11.0+1.21.4-rc1
	   |    |    \-- polymer-common 0.11.0+1.21.4-rc1
	   |    |         \-- packet_tweaker 0.6.0-pre.1+1.21.2-pre3
	   |    \-- polymer-registry-sync-manipulator 0.11.0+1.21.4-rc1
	   |-- polymer-resource-pack 0.11.0+1.21.4-rc1
	   |    \-- polymer-common 0.11.0+1.21.4-rc1
	   |         \-- packet_tweaker 0.6.0-pre.1+1.21.2-pre3
	   |-- polymer-virtual-entity 0.11.0+1.21.4-rc1
	   |    \-- polymer-common 0.11.0+1.21.4-rc1
	   |         \-- packet_tweaker 0.6.0-pre.1+1.21.2-pre3
	   |-- predicate-api 0.6.0+1.21.2
	   |-- server_translations_api 2.4.0+1.21.2-rc1
	   |    \-- packet_tweaker 0.6.0-pre.1+1.21.2-pre3
	   \-- sgui 1.8.0+1.21.4
	- waystones 21.4.10
	- weaponmaster_ydm 4.2.7
	- yet_another_config_lib_v3 3.6.6+1.21.4-fabric
	   |-- com_twelvemonkeys_common_common-image 3.12.0
	   |-- com_twelvemonkeys_common_common-io 3.12.0
	   |-- com_twelvemonkeys_common_common-lang 3.12.0
	   |-- com_twelvemonkeys_imageio_imageio-core 3.12.0
	   |-- com_twelvemonkeys_imageio_imageio-metadata 3.12.0
	   |-- com_twelvemonkeys_imageio_imageio-webp 3.12.0
	   |-- org_quiltmc_parsers_gson 0.2.1
	   \-- org_quiltmc_parsers_json 0.2.1
[16:57:27] [main/INFO]: SpongePowered MIXIN Subsystem Version=0.8.7 Source=file:/workspaces/special-computing-machine/servidor_minecraft/libraries/net/fabricmc/sponge-mixin/0.15.4+mixin.0.8.7/sponge-mixin-0.15.4+mixin.0.8.7.jar Service=Knot/Fabric Env=SERVER
[16:57:27] [main/INFO]: Compatibility level set to JAVA_21
[16:57:27] [main/WARN]: Reference map 'diagonalfences.common.refmap.json' for diagonalfences.common.mixins.json could not be read. If this is a development environment you can ignore this message
[16:57:27] [main/WARN]: Reference map 'diagonalfences.fabric.refmap.json' for diagonalfences.fabric.mixins.json could not be read. If this is a development environment you can ignore this message
[16:57:27] [main/WARN]: Reference map 'do_a_barrel_roll.refmap.json' for do_a_barrel_roll.mixins.json could not be read. If this is a development environment you can ignore this message
[16:57:27] [main/WARN]: Reference map 'do_a_barrel_roll.refmap.json' for do_a_barrel_roll.compat.modmenu.mixins.json could not be read. If this is a development environment you can ignore this message
[16:57:27] [main/WARN]: Reference map 'durabilitytooltip.mixins.refmap.json' for durabilitytooltip.mixins.json could not be read. If this is a development environment you can ignore this message
[16:57:27] [main/WARN]: Reference map 'forgeconfigapiport.common.refmap.json' for forgeconfigapiport.common.mixins.json could not be read. If this is a development environment you can ignore this message
[16:57:27] [main/WARN]: Reference map 'formationsoverworld.mixins.refmap.json' for formationsoverworld.mixins.json could not be read. If this is a development environment you can ignore this message
[16:57:27] [main/WARN]: Reference map 'journeymap-refmap.json' for journeymap.mixins.json could not be read. If this is a development environment you can ignore this message
[16:57:27] [main/WARN]: Reference map 'journeymap-refmap.json' for journeymap.fabric.mixins.json could not be read. If this is a development environment you can ignore this message
[16:57:28] [main/INFO]: Loaded configuration file for ModernFix 5.20.3+mc1.21.4: 54 options available, 0 override(s) found
[16:57:28] [main/INFO]: Applying Nashorn fix
[16:57:28] [main/WARN]: Reference map 'supermartijn642configlib.mixins.refmap.json' for supermartijn642configlib.mixins.json could not be read. If this is a development environment you can ignore this message
[16:57:28] [main/WARN]: Error loading class: net/minecraft/class_458 (java.lang.ClassNotFoundException: net/minecraft/class_458)
[16:57:28] [main/WARN]: @Mixin target net.minecraft.class_458 was not found crawl.client.mixins.json:ControlsScreenMixin from mod crawl
[16:57:28] [main/WARN]: Error loading class: net/minecraft/class_572 (java.lang.ClassNotFoundException: net/minecraft/class_572)
[16:57:28] [main/WARN]: @Mixin target net.minecraft.class_572 was not found crawl.client.mixins.json:HumanoidModelMixin from mod crawl
[16:57:28] [main/WARN]: Error loading class: net/minecraft/class_10034 (java.lang.ClassNotFoundException: net/minecraft/class_10034)
[16:57:28] [main/WARN]: @Mixin target net.minecraft.class_10034 was not found crawl.client.mixins.json:HumanoidRenderStateMixin from mod crawl
[16:57:28] [main/WARN]: Error loading class: net/minecraft/class_746 (java.lang.ClassNotFoundException: net/minecraft/class_746)
[16:57:28] [main/WARN]: @Mixin target net.minecraft.class_746 was not found crawl.client.mixins.json:LocalPlayerMixin from mod crawl
[16:57:28] [main/WARN]: Error loading class: net/minecraft/class_315 (java.lang.ClassNotFoundException: net/minecraft/class_315)
[16:57:28] [main/WARN]: @Mixin target net.minecraft.class_315 was not found crawl.client.mixins.json:OptionsMixin from mod crawl
[16:57:28] [main/WARN]: Error loading class: net/minecraft/class_1007 (java.lang.ClassNotFoundException: net/minecraft/class_1007)
[16:57:28] [main/WARN]: @Mixin target net.minecraft.class_1007 was not found crawl.client.mixins.json:PlayerRendererMixin from mod crawl
[16:57:28] [main/WARN]: Error loading class: dev/tr7zw/firstperson/LogicHandler (java.lang.ClassNotFoundException: dev/tr7zw/firstperson/LogicHandler)
[16:57:28] [main/WARN]: @Mixin target dev.tr7zw.firstperson.LogicHandler was not found crawl.compat.fpm.mixins.json:LogicHandlerMixin from mod crawl
[16:57:28] [main/WARN]: Error loading class: net/minecraft/class_938 (java.lang.ClassNotFoundException: net/minecraft/class_938)
[16:57:28] [main/WARN]: @Mixin target net.minecraft.class_938 was not found journeymap.mixins.json:client.SalmonRendererInvoker from mod journeymap
[16:57:28] [main/WARN]: Error loading class: com/simibubi/create/content/kinetics/base/BlockBreakingKineticBlockEntity (java.lang.ClassNotFoundException: com/simibubi/create/content/kinetics/base/BlockBreakingKineticBlockEntity)
[16:57:29] [main/WARN]: Error loading class: net/fabricmc/fabric/api/client/rendering/v1/EntityModelLayerRegistry$TexturedModelDataProvider (java.lang.ClassNotFoundException: net/fabricmc/fabric/api/client/rendering/v1/EntityModelLayerRegistry$TexturedModelDataProvider)
[16:57:29] [main/INFO]: Initializing MixinExtras via com.llamalad7.mixinextras.service.MixinExtrasServiceImpl(version=0.4.1).
[16:57:33] [main/WARN]: Static binding violation: PRIVATE @Overwrite method method_21740 in modernfix-common.mixins.json:perf.remove_biome_temperature_cache.BiomeMixin from mod modernfix cannot reduce visibiliy of PUBLIC target method, visibility will be upgraded.
[16:57:37] [main/INFO]: Vanilla bootstrap took 7661 milliseconds
[16:57:38] [main/INFO]: Hello Fabric world!
[16:57:38] [main/INFO]: Biolith for Fabric is initializing...
[16:57:38] [main/INFO]: Loading Collective version 8.1.
[16:57:38] [main/INFO]: Constructing common components for diagonalblocks:main
[16:57:38] [main/INFO]: Constructing common components for diagonalfences:main
[16:57:38] [main/INFO]: Constructing shapes for DiagonalFenceBlock[NodeWidth=2.0,ExtensionWidth=2.0,NodeTop=24.0,ExtensionBottom=0.0,ExtensionTop=24.0] took 191ms
[16:57:38] [main/INFO]: Constructing shapes for DiagonalFenceBlock[NodeWidth=2.0,ExtensionWidth=2.0,NodeTop=16.0,ExtensionBottom=0.0,ExtensionTop=16.0] took 51ms
[16:57:38] [Cicada thread 0/INFO]: 'maybe the real modding elite were the friends we made along the way'
[16:57:38] [main/INFO]: Constructing shapes for DiagonalFenceBlock[NodeWidth=2.0,ExtensionWidth=1.0,NodeTop=16.0,ExtensionBottom=6.0,ExtensionTop=15.0] took 85ms
[16:57:39] [main/INFO]: Constructing common components for easyanvils:main
[16:57:39] [main/INFO]: Dispatching loading event for config easyanvils-common.toml
[16:57:39] [main/INFO]: Constructing common components for easymagic:main
[16:57:39] [main/INFO]: Dispatching loading event for config easymagic-common.toml
[16:57:39] [main/INFO]: Registered synced config with path sereneseasons/fertility.toml
[16:57:39] [main/INFO]: Registered synced config with path sereneseasons/seasons.toml
[16:57:39] [main/INFO]: Initializing JamLib on Fabric
[16:57:39] [main/INFO]: Initializing ServerSide Packet Registries
[16:57:39] [main/WARN]: [JUST ZOOM] Disabling 'Just Zoom' since it's a client-side mod and current environment is server!
[16:57:39] [main/INFO]: [KONKRETE] Loading v1.9.9 in server-side mode on FABRIC!
[16:57:39] [main/INFO]: ---------------------------
[16:57:39] [main/INFO]: KONKRETE SHIPS AND USES THE FOLLOWING LIBRARIES:
[16:57:39] [main/INFO]:  
[16:57:39] [main/INFO]: Open Imaging Copyright © 2014 Dhyan Blum.
[16:57:39] [main/INFO]: Open Imaging is licensed under Apache-2.0.
[16:57:39] [main/INFO]:  
[16:57:39] [main/INFO]: JsonPath Copyright © 2017 Jayway.
[16:57:39] [main/INFO]: JsonPath is licensed under Apache-2.0.
[16:57:39] [main/INFO]:  
[16:57:39] [main/INFO]: Json-smart Copyright © netplex.
[16:57:39] [main/INFO]: Json-smart is licensed under Apache-2.0.
[16:57:39] [main/INFO]:  
[16:57:39] [main/INFO]: Exp4j Copyright © Frank Asseg.
[16:57:39] [main/INFO]: Exp4j is licensed under Apache-2.0. https://github.com/fasseg/exp4j
[16:57:39] [main/INFO]: ---------------------------
[16:57:39] [main/INFO]: [KONKRETE] Server-side modules initialized and ready to use!
[16:57:39] [main/INFO]: Initialize mod Library Ferret
[16:57:39] [main/INFO]: Initialized mod Library Ferret
[16:57:40] [main/INFO]: Constructing common components for puzzleslib:main
[16:57:40] [main/INFO]: Updated config file at /workspaces/special-computing-machine/servidor_minecraft/config/rightclickharvest.json5
[16:57:40] [main/INFO]: Initializing Right Click Harvest on FABRIC
[16:57:40] [main/INFO]: Registering C2S receiver with id roughlyenoughitems:request_tags_c2s
[16:57:40] [main/INFO]: [REI] Registered plugin provider DefaultPlugin [roughlyenoughitems] for REICommonPlugin
[16:57:40] [main/INFO]: [REI] Registered plugin provider DefaultRuntimePlugin [roughlyenoughitems] for REICommonPlugin
[16:57:40] [main/INFO]: [REI] Registered plugin provider FabricFluidAPISupportPlugin for REICommonPlugin
[16:57:40] [main/INFO]: Registering C2S receiver with id roughlyenoughitems:delete_item
[16:57:40] [main/INFO]: Registering C2S receiver with id roughlyenoughitems:create_item
[16:57:40] [main/INFO]: Registering C2S receiver with id roughlyenoughitems:create_item_grab
[16:57:40] [main/INFO]: Registering C2S receiver with id roughlyenoughitems:create_item_hotbar
[16:57:40] [main/INFO]: Registering C2S receiver with id roughlyenoughitems:move_items_new
[16:57:41] [main/INFO]: Enabling Terrestria's Biolith worldgen module.
[16:57:41] [main/INFO]: [STDOUT]: Initialize WeaponMaster
[16:57:41] [main/INFO]: Environment: Environment[sessionHost=https://sessionserver.mojang.com, servicesHost=https://api.minecraftservices.com, name=PROD]
[16:57:42] [main/INFO]: Collected 0 data resources in 75.380433ms:

[16:57:43] [main/INFO]: StructureSet modified for minecraft:village : Now using custom village configuration (can be disabled in the better villages config: boolean.villages.enabled_custom_config).
[16:57:46] [main/INFO]: Loaded 2519 recipes
[16:57:46] [main/INFO]: Loaded 2064 advancements
[16:57:46] [ForkJoinPool.commonPool-worker-1/INFO]: Loaded 77 translation keys
[16:57:46] [main/WARN]: Recipe packedup:diamond_from_silver can't be placed due to empty ingredients and will be ignored
[16:57:46] [main/WARN]: Recipe packedup:silver_from_copper can't be placed due to empty ingredients and will be ignored
[16:57:46] [main/WARN]: Recipe packedup:silver_from_iron can't be placed due to empty ingredients and will be ignored
[16:57:46] [main/INFO]: Applied 510 biome modifications to 168 of 188 new biomes in 30.53 ms
[16:57:46] [Server thread/INFO]: Dispatching loading event for config easyanvils-server.toml
[16:57:46] [Server thread/INFO]: Dispatching loading event for config easymagic-server.toml
[16:57:46] [Server thread/INFO]: Starting minecraft server version 1.21.4
[16:57:46] [Server thread/INFO]: Loading properties
[16:57:46] [Server thread/INFO]: Default game type: SURVIVAL
[16:57:46] [Server thread/INFO]: Generating keypair
[16:57:46] [Server thread/INFO]: Starting Minecraft server on *:25565
[16:57:46] [Server thread/INFO]: Using epoll channel type
[16:57:46] [Server thread/WARN]: **** SERVER IS RUNNING IN OFFLINE/INSECURE MODE!
[16:57:46] [Server thread/WARN]: The server will make no attempt to authenticate usernames. Beware.
[16:57:46] [Server thread/WARN]: While this makes the game possible to play without internet access, it also opens up the ability for hackers to connect with any username they choose.
[16:57:46] [Server thread/WARN]: To change this, set "online-mode" to "true" in the server.properties file.
[16:57:46] [Server thread/INFO]: Preparing level "world"
[16:57:47] [Server thread/INFO]: Preparing start region for dimension minecraft:overworld
[16:57:47] [Worker-Main-2/INFO]: Preparing spawn area: 0%
[16:57:47] [Server thread/INFO]: Time elapsed: 463 ms
[16:57:47] [Server thread/INFO]: Done (1.012s)! For help, type "help"
[16:57:47] [Server thread/WARN]: Dedicated server took 22.41 seconds to load
[16:57:47] [Server thread/INFO]: [REI] %%%%%%%%%%%%%%%%%%%%%%%%%%%%%%%%%%%%%%%%
[16:57:47] [Server thread/INFO]: [REI] REICommonPlugin starting main-reload for START.
[16:57:47] [Server thread/INFO]: [REI] Plugins (3):
[16:57:47] [Server thread/INFO]: [REI]  - (-100.00) DefaultPlugin of DefaultPlugin [roughlyenoughitems]
[16:57:47] [Server thread/INFO]: [REI]  - (0.00) FabricFluidAPISupportPlugin
[16:57:47] [Server thread/INFO]: [REI]  - (0.00) DefaultRuntimePlugin of DefaultRuntimePlugin [roughlyenoughitems]
[16:57:47] [Server thread/INFO]: [REI] %%%%%%%%%%%%%%%%%%%%%%%%%%%%%%%%%%%%%%%%
[16:57:47] [Server thread/INFO]: [REI] REICommonPlugin finished post-reload for START in 1.914 ms, totaling 67.19 ms.
[16:57:47] [Server thread/INFO]: [REI] ~~~~~~~~~~~~~~~~~~~~~~~~~~~~~~~~~~~~~~~~
[16:57:47] [Server thread/INFO]: [REI] REICommonPlugin starting main-reload for END.
[16:57:47] [Server thread/INFO]: [REI] Plugins (3):
[16:57:47] [Server thread/INFO]: [REI]  - (-100.00) DefaultPlugin of DefaultPlugin [roughlyenoughitems]
[16:57:47] [Server thread/INFO]: [REI]  - (0.00) FabricFluidAPISupportPlugin
[16:57:47] [Server thread/INFO]: [REI]  - (0.00) DefaultRuntimePlugin of DefaultRuntimePlugin [roughlyenoughitems]
[16:57:47] [Server thread/INFO]: [REI] ~~~~~~~~~~~~~~~~~~~~~~~~~~~~~~~~~~~~~~~~
[16:57:48] [Server thread/INFO]: [REI] REICommonPlugin finished post-reload for END in 1.384 ms, totaling 90.13 ms.
[16:57:48] [Server thread/INFO]: Start loading plugin from Balm: net.blay09.mods.balm.fabric.compat.hudinfo.FabricJadeModCompat
[16:57:48] [Server thread/INFO]: Start loading plugin from Jade: snownee.jade.addon.core.CorePlugin
[16:57:48] [Server thread/INFO]: Start loading plugin from Jade: snownee.jade.addon.vanilla.VanillaPlugin
[16:57:48] [Server thread/INFO]: Start loading plugin from Jade: snownee.jade.addon.universal.UniversalPlugin
[16:57:48] [Server thread/INFO]: Start loading plugin from Jade: snownee.jade.addon.access.AccessibilityPlugin
[16:57:48] [Server thread/INFO]: Start loading plugin from Jade: snownee.jade.addon.debug.DebugPlugin
[16:57:48] [Server thread/INFO]: Start loading plugin from Polymer (Core): eu.pb4.polymer.core.impl.client.compat.JadeCompatibility
[16:57:48] [Server thread/INFO]: Start loading plugin from Waystones: net.blay09.mods.waystones.compat.JadeIntegration
[16:57:48] [Server thread/INFO]: Loaded null for service interface journeymap.api.services.WebMapService
[16:57:48] [Server thread/INFO]: Loaded journeymap.common.helpers.FabricClientHooks@560298d6 for service interface journeymap.api.services.ClientPlatformService
[16:57:48] [Server thread/INFO]: Loaded journeymap.common.helpers.FabricHooks@44884c7 for service interface journeymap.api.services.CommonPlatformService
[16:58:47] [Server thread/INFO]: Server empty for 60 seconds, pausing
[17:02:23] [Server thread/INFO]: SrLipord[/127.108.209.115:45915] logged in with entity id 120 at (-1234.0779371273734, 155.0, -13123.511041737256)
[17:02:23] [Server thread/INFO]: SrLipord joined the game
[17:02:24] [Server thread/INFO]: [do_a_barrel_roll] Client of SrLipord accepted server config.
[17:03:30] [Server thread/INFO]: SrLipord teleported to -1083.5 191.0 -13121.5 minecraft:overworld
[17:03:50] [Server thread/INFO]: SrLipord teleported to -1138.0 191.0 -13121.0 minecraft:overworld
[17:16:28] [Server thread/INFO]: SrLipord teleported to -1083.0 190.0 -13125.0 minecraft:overworld
[17:16:37] [Server thread/INFO]: SrLipord teleported to -1118.0 191.0 -13186.0 minecraft:overworld
[17:34:17] [Server thread/INFO]: com.mojang.authlib.GameProfile@27b209b9[id=55a60d9a-28f8-3f29-88cb-a2cbfb83168b,name=dyroxsonyt,properties={}] lost connection: Disconnected
[17:34:50] [Server thread/INFO]: SrLipord teleported to -1287.0 157.0 -13444.0 minecraft:overworld
[17:35:13] [Server thread/INFO]: com.mojang.authlib.GameProfile@7e2bca93[id=55a60d9a-28f8-3f29-88cb-a2cbfb83168b,name=dyroxsonyt,properties={}] lost connection: Disconnected
[17:35:54] [Server thread/INFO]: com.mojang.authlib.GameProfile@fab5828[id=55a60d9a-28f8-3f29-88cb-a2cbfb83168b,name=dyroxsonyt,properties={}] lost connection: Disconnected
[17:36:31] [Server thread/INFO]: com.mojang.authlib.GameProfile@2e3d1573[id=55a60d9a-28f8-3f29-88cb-a2cbfb83168b,name=dyroxsonyt,properties={}] lost connection: Disconnected
[17:36:56] [Server thread/INFO]: SrLipord teleported to -1126.0 191.0 -13144.0 minecraft:overworld
[17:37:15] [Server thread/INFO]: SrLipord teleported to -1214.0 167.0 -13471.0 minecraft:overworld
[17:38:51] [Server thread/INFO]: SrLipord teleported to -1130.0 191.0 -13130.0 minecraft:overworld
[17:39:02] [Server thread/INFO]: SrLipord teleported to -1291.0 156.0 -13447.0 minecraft:overworld
[17:39:15] [Server thread/INFO]: SrLipord teleported to -1323.0 63.0 -11989.0 minecraft:overworld
[17:42:29] [Server thread/INFO]: SrLipord teleported to -1126.0 191.0 -13104.0 minecraft:overworld
[17:44:16] [Server thread/INFO]: SrLipord teleported to -1082.0 190.0 -13121.0 minecraft:overworld
[17:45:33] [Server thread/INFO]: SrLipord teleported to -1120.0 191.0 -13121.0 minecraft:overworld
