[00:35:14] [main/INFO] ========================================
[00:35:14] [main/INFO] Minecraft: 1.21.4
[00:35:14] [main/INFO] Side: server
[00:35:14] [main/INFO] Development: false
[00:35:14] [main/INFO] Version: 18.0.798
[00:35:14] [main/INFO] Loader:
[00:35:14] [main/INFO] - Fabric: 0.16.13
[00:35:14] [main/INFO] - Fabric API: 0.119.2+1.21.4
[00:35:14] [main/INFO] Dependencies:
[00:35:14] [main/INFO] - Cloth Config: 17.0.144
[00:35:14] [main/INFO] - Architectury: 15.0.3
[00:35:14] [main/INFO] Mixin: 0.8.7
[00:35:14] [main/INFO] OS: Linux 6.8.0-1026-azure (amd64)
[00:35:14] [main/INFO] Java: 21.0.7 (Ubuntu)
[00:35:14] [main/INFO] ========================================
[00:35:14] [main/INFO] Mods:
[00:35:14] [main/INFO] - amplified_nether: 1.2.7
[00:35:14] [main/INFO] - appleskin: 3.0.6+mc1.21.3
[00:35:14] [main/INFO] - ar_com_hjg_pngj: 2.1.0
[00:35:14] [main/INFO] - architectury: 15.0.3
[00:35:14] [main/INFO] - armor-hud: 8.1.0.0
[00:35:14] [main/INFO] - balm: 21.4.24
[00:35:14] [main/INFO] - betteradvancements: 0.4.6.36
[00:35:14] [main/INFO] - bettervillage: 3.3.0
[00:35:14] [main/INFO] - biolith: 3.2.0
[00:35:14] [main/INFO] - blue_endless_jankson: 1.2.3
[00:35:14] [main/INFO] - bridgingmod: 2.6.2+1.21.3
[00:35:14] [main/INFO] - chunky: 1.4.27
[00:35:14] [main/INFO] - cicada: 0.11.9+1.21.4
[00:35:14] [main/INFO] - cloth-basic-math: 0.6.1
[00:35:14] [main/INFO] - cloth-config: 17.0.144
[00:35:14] [main/INFO] - cloth-config: 17.0.144
[00:35:14] [main/INFO] - clumps: 22.0.0.1
[00:35:14] [main/INFO] - cobweb: 1.3.3
[00:35:14] [main/INFO] - collective: 8.1
[00:35:14] [main/INFO] - com_electronwill_night-config_core: 3.8.1
[00:35:14] [main/INFO] - com_electronwill_night-config_toml: 3.8.1
[00:35:14] [main/INFO] - com_twelvemonkeys_common_common-image: 3.12.0
[00:35:14] [main/INFO] - com_twelvemonkeys_common_common-io: 3.12.0
[00:35:14] [main/INFO] - com_twelvemonkeys_common_common-lang: 3.12.0
[00:35:14] [main/INFO] - com_twelvemonkeys_imageio_imageio-core: 3.12.0
[00:35:14] [main/INFO] - com_twelvemonkeys_imageio_imageio-metadata: 3.12.0
[00:35:14] [main/INFO] - com_twelvemonkeys_imageio_imageio-webp: 3.12.0
[00:35:14] [main/INFO] - common-protection-api: 1.0.0
[00:35:14] [main/INFO] - commonnetworking: 1.0.18-1.21.4
[00:35:14] [main/INFO] - config2brigadier: 2.0.1
[00:35:14] [main/INFO] - crawl: 0.14.5
[00:35:14] [main/INFO] - creativecore: 2.12.35
[00:35:14] [main/INFO] - cristellib: 2.0.2
[00:35:14] [main/INFO] - customizableelytra: 2.2.8
[00:35:14] [main/INFO] - diagonalblocks: 21.4.0
[00:35:14] [main/INFO] - diagonalfences: 21.4.0
[00:35:14] [main/INFO] - do_a_barrel_roll: 3.8.1
[00:35:14] [main/INFO] - durabilitytooltip: 1.1.5
[00:35:14] [main/INFO] - easyanvils: 21.4.1
[00:35:14] [main/INFO] - easyelytratakeoff: 4.5
[00:35:14] [main/INFO] - easymagic: 21.4.1
[00:35:14] [main/INFO] - elytratrims: 4.0.0-alpha.3
[00:35:14] [main/INFO] - error_notifier: 1.0.11
[00:35:14] [main/INFO] - fabric-api: 0.119.2+1.21.4
[00:35:14] [main/INFO] - fabric-api: 0.119.2+1.21.4
[00:35:14] [main/INFO] - fabric-api-base: 0.4.54+b47eab6b04
[00:35:14] [main/INFO] - fabric-api-lookup-api-v1: 1.6.86+b1caf1e904
[00:35:14] [main/INFO] - fabric-biome-api-v1: 15.0.6+b1c29d8e04
[00:35:14] [main/INFO] - fabric-block-api-v1: 1.0.31+7feeb73304
[00:35:14] [main/INFO] - fabric-block-view-api-v2: 1.0.20+9c49cc8c04
[00:35:14] [main/INFO] - fabric-command-api-v1: 1.2.62+f71b366f04
[00:35:14] [main/INFO] - fabric-command-api-v2: 2.2.41+e496eb1504
[00:35:14] [main/INFO] - fabric-commands-v0: 0.2.79+df3654b304
[00:35:14] [main/INFO] - fabric-content-registries-v0: 9.1.19+25d1a67604
[00:35:14] [main/INFO] - fabric-convention-tags-v1: 2.1.20+7f945d5b04
[00:35:14] [main/INFO] - fabric-convention-tags-v2: 2.14.1+1edcd29104
[00:35:14] [main/INFO] - fabric-crash-report-info-v1: 0.3.6+7feeb73304
[00:35:14] [main/INFO] - fabric-data-attachment-api-v1: 1.6.2+e99da0f704
[00:35:14] [main/INFO] - fabric-data-generation-api-v1: 22.3.1+0f4e5f5504
[00:35:14] [main/INFO] - fabric-dimensions-v1: 4.0.10+7feeb73304
[00:35:14] [main/INFO] - fabric-entity-events-v1: 2.0.15+62245bef04
[00:35:14] [main/INFO] - fabric-events-interaction-v0: 4.0.4+a4eebcf004
[00:35:14] [main/INFO] - fabric-game-rule-api-v1: 1.0.63+7d48d43904
[00:35:14] [main/INFO] - fabric-item-api-v1: 11.3.0+ee91fa1f04
[00:35:14] [main/INFO] - fabric-item-group-api-v1: 4.2.2+fcb9601404
[00:35:14] [main/INFO] - fabric-language-kotlin: 1.13.2+kotlin.2.1.20
[00:35:14] [main/INFO] - fabric-lifecycle-events-v1: 2.5.4+bf2a60eb04
[00:35:14] [main/INFO] - fabric-loot-api-v2: 3.0.38+3f89f5a504
[00:35:14] [main/INFO] - fabric-loot-api-v3: 1.0.26+203e6b2304
[00:35:14] [main/INFO] - fabric-message-api-v1: 6.0.25+7feeb73304
[00:35:14] [main/INFO] - fabric-networking-api-v1: 4.4.0+db5e668204
[00:35:14] [main/INFO] - fabric-object-builder-api-v1: 18.0.14+38b0d59804
[00:35:14] [main/INFO] - fabric-particles-v1: 4.0.14+7feeb73304
[00:35:14] [main/INFO] - fabric-permissions-api-v0: 0.3.3
[00:35:14] [main/INFO] - fabric-recipe-api-v1: 8.1.1+640e77ae04
[00:35:14] [main/INFO] - fabric-registry-sync-v0: 6.1.11+4a9c1ece04
[00:35:14] [main/INFO] - fabric-rendering-data-attachment-v1: 0.3.58+73761d2e04
[00:35:14] [main/INFO] - fabric-rendering-fluids-v1: 3.1.19+7feeb73304
[00:35:14] [main/INFO] - fabric-resource-conditions-api-v1: 5.0.13+203e6b2304
[00:35:14] [main/INFO] - fabric-resource-loader-v0: 3.1.1+360374ac04
[00:35:14] [main/INFO] - fabric-screen-handler-api-v1: 1.3.118+7feeb73304
[00:35:14] [main/INFO] - fabric-tag-api-v1: 1.0.7+7d48d43904
[00:35:14] [main/INFO] - fabric-transfer-api-v1: 5.4.9+efa825c904
[00:35:14] [main/INFO] - fabric-transitive-access-wideners-v1: 6.3.2+56e78b9b04
[00:35:14] [main/INFO] - fabricloader: 0.16.13
[00:35:14] [main/INFO] - fabrictailor: 2.6.3
[00:35:14] [main/INFO] - fallingtree: 1.21.4.1
[00:35:14] [main/INFO] - ferritecore: 7.1.1
[00:35:14] [main/INFO] - forgeconfigapiport: 21.4.1
[00:35:14] [main/INFO] - formations: 1.0.3
[00:35:14] [main/INFO] - formationsoverworld: 1.0.4
[00:35:14] [main/INFO] - glitchcore: 2.3.0.4
[00:35:14] [main/INFO] - incendium: 5.4.3
[00:35:14] [main/INFO] - jade: 17.2.2+fabric
[00:35:14] [main/INFO] - jamlib: 1.3.2+1.21.4
[00:35:14] [main/INFO] - java: 21
[00:35:14] [main/INFO] - journeymap: 1.21.4-6.0.0-beta.43
[00:35:14] [main/INFO] - journeymap-api-fabric: 2.0.0-1.21.4-SNAPSHOT
[00:35:14] [main/INFO] - justzoom: 2.1.0
[00:35:14] [main/INFO] - konkrete: 1.9.9
[00:35:14] [main/INFO] - kuma_api: 21.4.6
[00:35:14] [main/INFO] - libraryferret: 4.0.0
[00:35:14] [main/INFO] - lithostitched: 1.4.4
[00:35:14] [main/INFO] - mcwdoors: 1.1.2
[00:35:14] [main/INFO] - mcwpaintings: 1.0.5
[00:35:14] [main/INFO] - mcwpaths: 1.1.0
[00:35:14] [main/INFO] - mcwtrpdoors: 1.1.4
[00:35:14] [main/INFO] - midnightlib: 1.7.0
[00:35:14] [main/INFO] - mine-spawners: 1.5.1
[00:35:14] [main/INFO] - minecraft: 1.21.4
[00:35:14] [main/INFO] - mixinextras: 0.4.1
[00:35:14] [main/INFO] - mixinsquared: 0.1.2-beta.4
[00:35:14] [main/INFO] - modernfix: 5.20.3+mc1.21.4
[00:35:14] [main/INFO] - mr_tidal_towns: 1.3.4
[00:35:14] [main/INFO] - mr_vanilla_backpacks: 1.3.1.1
[00:35:14] [main/INFO] - net_jodah_typetools: 0.6.3
[00:35:14] [main/INFO] - net_neoforged_bus: 7.2.0
[00:35:14] [main/INFO] - notenoughanimations: 1.9.3
[00:35:14] [main/INFO] - org_jetbrains_kotlin_kotlin-reflect: 2.1.20
[00:35:14] [main/INFO] - org_jetbrains_kotlin_kotlin-stdlib: 2.1.20
[00:35:14] [main/INFO] - org_jetbrains_kotlin_kotlin-stdlib-jdk7: 2.1.20
[00:35:14] [main/INFO] - org_jetbrains_kotlin_kotlin-stdlib-jdk8: 2.1.20
[00:35:14] [main/INFO] - org_jetbrains_kotlinx_atomicfu-jvm: 0.27.0
[00:35:14] [main/INFO] - org_jetbrains_kotlinx_kotlinx-coroutines-core-jvm: 1.10.1
[00:35:14] [main/INFO] - org_jetbrains_kotlinx_kotlinx-coroutines-jdk8: 1.10.1
[00:35:14] [main/INFO] - org_jetbrains_kotlinx_kotlinx-datetime-jvm: 0.6.2
[00:35:14] [main/INFO] - org_jetbrains_kotlinx_kotlinx-io-bytestring-jvm: 0.7.0
[00:35:14] [main/INFO] - org_jetbrains_kotlinx_kotlinx-io-core-jvm: 0.7.0
[00:35:14] [main/INFO] - org_jetbrains_kotlinx_kotlinx-serialization-cbor-jvm: 1.8.0
[00:35:14] [main/INFO] - org_jetbrains_kotlinx_kotlinx-serialization-core-jvm: 1.8.0
[00:35:14] [main/INFO] - org_jetbrains_kotlinx_kotlinx-serialization-json-jvm: 1.8.0
[00:35:14] [main/INFO] - org_quiltmc_parsers_gson: 0.2.1
[00:35:14] [main/INFO] - org_quiltmc_parsers_json: 0.2.1
[00:35:14] [main/INFO] - packedup: 1.1.0+a
[00:35:14] [main/INFO] - packet_tweaker: 0.6.0-pre.1+1.21.2-pre3
[00:35:14] [main/INFO] - placeholder-api: 2.5.1+1.21.3
[00:35:14] [main/INFO] - polymer-common: 0.11.0+1.21.4-rc1
[00:35:14] [main/INFO] - polymer-core: 0.11.0+1.21.4-rc1
[00:35:14] [main/INFO] - polymer-networking: 0.11.0+1.21.4-rc1
[00:35:14] [main/INFO] - polymer-registry-sync-manipulator: 0.11.0+1.21.4-rc1
[00:35:14] [main/INFO] - polymer-resource-pack: 0.11.0+1.21.4-rc1
[00:35:14] [main/INFO] - polymer-virtual-entity: 0.11.0+1.21.4-rc1
[00:35:14] [main/INFO] - predicate-api: 0.6.0+1.21.2
[00:35:14] [main/INFO] - puzzleslib: 21.4.13
[00:35:14] [main/INFO] - pyrotechnic_elytra: 1.0.1
[00:35:14] [main/INFO] - repurposed_structures: 7.5.15+1.21.4-fabric
[00:35:14] [main/INFO] - rightclickharvest: 4.5.3+1.21.4-patch.1
[00:35:14] [main/INFO] - roughlyenoughitems: 18.0.798
[00:35:14] [main/INFO] - sereneseasons: 10.4.0.6
[00:35:14] [main/INFO] - server_translations_api: 2.4.0+1.21.2-rc1
[00:35:14] [main/INFO] - sgui: 1.8.0+1.21.4
[00:35:14] [main/INFO] - skinlayers3d: 1.7.5
[00:35:14] [main/INFO] - supermartijn642configlib: 1.1.8
[00:35:14] [main/INFO] - supermartijn642corelib: 1.1.18+a
[00:35:14] [main/INFO] - t_and_t: 1.13.5
[00:35:14] [main/INFO] - tectonic: 2.4.3
[00:35:14] [main/INFO] - terraform-biome-remapper-api-v1: 13.0.0-beta.1
[00:35:14] [main/INFO] - terraform-config-api-v1: 13.0.0-beta.1
[00:35:14] [main/INFO] - terraform-dirt-api-v1: 13.0.0-beta.1
[00:35:14] [main/INFO] - terraform-shapes-api-v1: 13.0.0-beta.1
[00:35:14] [main/INFO] - terraform-surfaces-api-v1: 13.0.0-beta.1
[00:35:14] [main/INFO] - terraform-tree-api-v1: 13.0.0-beta.1
[00:35:14] [main/INFO] - terraform-wood-api-v1: 13.0.0-beta.1
[00:35:14] [main/INFO] - terralith: 2.5.8
[00:35:14] [main/INFO] - terrestria: 7.2.1
[00:35:14] [main/INFO] - terrestria-common: 7.2.1
[00:35:14] [main/INFO] - terrestria-worldgen: 7.2.1
[00:35:14] [main/INFO] - universal-graves: 3.6.0+1.21.4
[00:35:14] [main/INFO] - waystones: 21.4.10
[00:35:14] [main/INFO] - weaponmaster_ydm: 4.2.7
[00:35:14] [main/INFO] - yet_another_config_lib_v3: 3.6.6+1.21.4-fabric
[00:35:14] [main/INFO] ========================================
[00:35:14] [main/INFO] [REI] Registered plugin provider DefaultPlugin [roughlyenoughitems] for REICommonPlugin
[00:35:14] [main/INFO] [REI] Registered plugin provider DefaultRuntimePlugin [roughlyenoughitems] for REICommonPlugin
[00:35:14] [main/INFO] [REI] Registered plugin provider FabricFluidAPISupportPlugin for REICommonPlugin
[00:35:16] [main/DEBUG] [REI] Processed 432 tags in 5.034 ms for minecraft:block
[00:35:16] [main/DEBUG] [REI] Processed 5 tags in 68.05 μs for minecraft:fluid
[00:35:16] [main/DEBUG] [REI] Processed 50 tags in 247.1 μs for minecraft:entity_type
[00:35:16] [main/DEBUG] [REI] Processed 505 tags in 1.979 ms for minecraft:item
[00:35:16] [main/DEBUG] [REI] Processed 5 tags in 52.79 μs for minecraft:game_event
[00:35:16] [main/DEBUG] [REI] Processed 2 tags in 12.94 μs for minecraft:cat_variant
[00:35:16] [main/DEBUG] [REI] Processed 3 tags in 13.82 μs for minecraft:point_of_interest_type
[00:35:21] [Server thread/DEBUG] [REI] Starting Reload Plugins of stage null
java.lang.Throwable
	at knot//me.shedaniel.rei.impl.common.plugins.ReloadManagerImpl.reloadPlugins(ReloadManagerImpl.java:110)
	at knot//me.shedaniel.rei.RoughlyEnoughItemsCore.lambda$onInitialize$4(RoughlyEnoughItemsCore.java:153)
	at knot//dev.architectury.event.fabric.EventHandlerImpl.lambda$registerCommon$10(EventHandlerImpl.java:67)
	at knot//net.fabricmc.fabric.api.event.lifecycle.v1.ServerLifecycleEvents.lambda$static$2(ServerLifecycleEvents.java:49)
	at knot//net.minecraft.server.MinecraftServer.handler$zmh000$fabric-lifecycle-events-v1$afterSetupServer(MinecraftServer.java:4704)
	at knot//net.minecraft.server.MinecraftServer.method_29741(MinecraftServer.java:682)
	at knot//net.minecraft.server.MinecraftServer.method_29739(MinecraftServer.java:292)
	at java.base/java.lang.Thread.run(Thread.java:1583)
[00:35:21] [Server thread/DEBUG] [REI] ========================================
[00:35:21] [Server thread/DEBUG] [REI] REICommonPlugin starting pre-reload for START.
[00:35:21] [Server thread/DEBUG] [REI] Reloadables (8):
[00:35:21] [Server thread/DEBUG] [REI]  - SlotAccessorRegistryImpl
[00:35:21] [Server thread/DEBUG] [REI]  - EntryTypeRegistryImpl
[00:35:21] [Server thread/DEBUG] [REI]  - EntrySettingsAdapterRegistryImpl
[00:35:21] [Server thread/DEBUG] [REI]  - ItemComparatorRegistryImpl
[00:35:21] [Server thread/DEBUG] [REI]  - FluidComparatorRegistryImpl
[00:35:21] [Server thread/DEBUG] [REI]  - DisplaySerializerRegistryImpl
[00:35:21] [Server thread/DEBUG] [REI]  - ServerDisplayRegistryImpl
[00:35:21] [Server thread/DEBUG] [REI]  - FluidSupportProviderImpl
[00:35:21] [Server thread/DEBUG] [REI] Plugins (3):
[00:35:21] [Server thread/DEBUG] [REI]  - (-100.00) DefaultPlugin of DefaultPlugin [roughlyenoughitems]
[00:35:21] [Server thread/DEBUG] [REI]  - (0.00) FabricFluidAPISupportPlugin
[00:35:21] [Server thread/DEBUG] [REI]  - (0.00) DefaultRuntimePlugin of DefaultRuntimePlugin [roughlyenoughitems]
[00:35:21] [Server thread/DEBUG] [REI] ========================================
[00:35:21] [Server thread/TRACE] [REI] [REICommonPlugin START] Reloading Section: "pre-register/"
[00:35:22] [Server thread/TRACE] [REI] [REICommonPlugin START] Reloading Section: "pre-register/DefaultPlugin of DefaultPlugin [roughlyenoughitems]/"
[00:35:22] [Server thread/TRACE] [REI] [REICommonPlugin START] Reloading Section: "pre-register/DefaultPlugin of DefaultPlugin [roughlyenoughitems]/" done in 1.070 ms
[00:35:22] [Server thread/TRACE] [REI] [REICommonPlugin START] Reloading Section: "pre-register/FabricFluidAPISupportPlugin/"
[00:35:22] [Server thread/TRACE] [REI] [REICommonPlugin START] Reloading Section: "pre-register/FabricFluidAPISupportPlugin/" done in 142.2 μs
[00:35:22] [Server thread/TRACE] [REI] [REICommonPlugin START] Reloading Section: "pre-register/DefaultRuntimePlugin of DefaultRuntimePlugin [roughlyenoughitems]/"
[00:35:22] [Server thread/TRACE] [REI] [REICommonPlugin START] Reloading Section: "pre-register/DefaultRuntimePlugin of DefaultRuntimePlugin [roughlyenoughitems]/" done in 127.6 μs
[00:35:22] [Server thread/TRACE] [REI] [REICommonPlugin START] Reloading Section: "pre-register/" done in 15.47 ms
[00:35:22] [Server thread/TRACE] [REI] [REICommonPlugin START] Reloading Section: "pre-stage/"
[00:35:22] [Server thread/TRACE] [REI] [REICommonPlugin START] Reloading Section: "pre-stage/SlotAccessorRegistryImpl/"
[00:35:22] [Server thread/TRACE] [REI] [REICommonPlugin START] Reloading Section: "pre-stage/SlotAccessorRegistryImpl/" done in 316.9 μs
[00:35:22] [Server thread/TRACE] [REI] [REICommonPlugin START] Reloading Section: "pre-stage/EntryTypeRegistryImpl/"
[00:35:22] [Server thread/TRACE] [REI] [REICommonPlugin START] Reloading Section: "pre-stage/EntryTypeRegistryImpl/" done in 145.5 μs
[00:35:22] [Server thread/TRACE] [REI] [REICommonPlugin START] Reloading Section: "pre-stage/EntrySettingsAdapterRegistryImpl/"
[00:35:22] [Server thread/TRACE] [REI] [REICommonPlugin START] Reloading Section: "pre-stage/EntrySettingsAdapterRegistryImpl/" done in 179.9 μs
[00:35:22] [Server thread/TRACE] [REI] [REICommonPlugin START] Reloading Section: "pre-stage/ItemComparatorRegistryImpl/"
[00:35:22] [Server thread/TRACE] [REI] [REICommonPlugin START] Reloading Section: "pre-stage/ItemComparatorRegistryImpl/" done in 147.5 μs
[00:35:22] [Server thread/TRACE] [REI] [REICommonPlugin START] Reloading Section: "pre-stage/FluidComparatorRegistryImpl/"
[00:35:22] [Server thread/TRACE] [REI] [REICommonPlugin START] Reloading Section: "pre-stage/FluidComparatorRegistryImpl/" done in 112.4 μs
[00:35:22] [Server thread/TRACE] [REI] [REICommonPlugin START] Reloading Section: "pre-stage/DisplaySerializerRegistryImpl/"
[00:35:22] [Server thread/TRACE] [REI] [REICommonPlugin START] Reloading Section: "pre-stage/DisplaySerializerRegistryImpl/" done in 111.9 μs
[00:35:22] [Server thread/TRACE] [REI] [REICommonPlugin START] Reloading Section: "pre-stage/ServerDisplayRegistryImpl/"
[00:35:22] [Server thread/TRACE] [REI] [REICommonPlugin START] Reloading Section: "pre-stage/ServerDisplayRegistryImpl/" done in 160.1 μs
[00:35:22] [Server thread/TRACE] [REI] [REICommonPlugin START] Reloading Section: "pre-stage/FluidSupportProviderImpl/"
[00:35:22] [Server thread/TRACE] [REI] [REICommonPlugin START] Reloading Section: "pre-stage/FluidSupportProviderImpl/" done in 131.4 μs
[00:35:22] [Server thread/TRACE] [REI] [REICommonPlugin START] Reloading Section: "pre-stage/" done in 4.488 ms
[00:35:22] [Server thread/DEBUG] [REI] ========================================
[00:35:22] [Server thread/DEBUG] [REI] REICommonPlugin finished pre-reload for START in 20.73 ms.
[00:35:22] [Server thread/DEBUG] [REI] ========================================
[00:35:22] [Server thread/INFO] [REI] OOOOOOOOOOOOOOOOOOOOOOOOOOOOOOOOOOOOOOOO
[00:35:22] [Server thread/INFO] [REI] REICommonPlugin starting main-reload for START.
[00:35:22] [Server thread/DEBUG] [REI] Reloadables (8):
[00:35:22] [Server thread/DEBUG] [REI]  - SlotAccessorRegistryImpl
[00:35:22] [Server thread/DEBUG] [REI]  - EntryTypeRegistryImpl
[00:35:22] [Server thread/DEBUG] [REI]  - EntrySettingsAdapterRegistryImpl
[00:35:22] [Server thread/DEBUG] [REI]  - ItemComparatorRegistryImpl
[00:35:22] [Server thread/DEBUG] [REI]  - FluidComparatorRegistryImpl
[00:35:22] [Server thread/DEBUG] [REI]  - DisplaySerializerRegistryImpl
[00:35:22] [Server thread/DEBUG] [REI]  - ServerDisplayRegistryImpl
[00:35:22] [Server thread/DEBUG] [REI]  - FluidSupportProviderImpl
[00:35:22] [Server thread/INFO] [REI] Plugins (3):
[00:35:22] [Server thread/INFO] [REI]  - (-100.00) DefaultPlugin of DefaultPlugin [roughlyenoughitems]
[00:35:22] [Server thread/INFO] [REI]  - (0.00) FabricFluidAPISupportPlugin
[00:35:22] [Server thread/INFO] [REI]  - (0.00) DefaultRuntimePlugin of DefaultRuntimePlugin [roughlyenoughitems]
[00:35:22] [Server thread/INFO] [REI] OOOOOOOOOOOOOOOOOOOOOOOOOOOOOOOOOOOOOOOO
[00:35:22] [Server thread/TRACE] [REI] [REICommonPlugin START] Reloading Section: "start-reload/"
[00:35:22] [Server thread/TRACE] [REI] [REICommonPlugin START] Reloading Section: "start-reload/SlotAccessorRegistryImpl/"
[00:35:22] [Server thread/TRACE] [REI] [REICommonPlugin START] Reloading Section: "start-reload/SlotAccessorRegistryImpl/" done in 61.88 μs
[00:35:22] [Server thread/TRACE] [REI] [REICommonPlugin START] Reloading Section: "start-reload/EntryTypeRegistryImpl/"
[00:35:22] [Server thread/TRACE] [REI] [REICommonPlugin START] Reloading Section: "start-reload/EntryTypeRegistryImpl/" done in 73.60 μs
[00:35:22] [Server thread/TRACE] [REI] [REICommonPlugin START] Reloading Section: "start-reload/EntrySettingsAdapterRegistryImpl/"
[00:35:22] [Server thread/TRACE] [REI] [REICommonPlugin START] Reloading Section: "start-reload/EntrySettingsAdapterRegistryImpl/" done in 45.97 μs
[00:35:22] [Server thread/TRACE] [REI] [REICommonPlugin START] Reloading Section: "start-reload/ItemComparatorRegistryImpl/"
[00:35:22] [Server thread/TRACE] [REI] [REICommonPlugin START] Reloading Section: "start-reload/ItemComparatorRegistryImpl/" done in 64.75 μs
[00:35:22] [Server thread/TRACE] [REI] [REICommonPlugin START] Reloading Section: "start-reload/FluidComparatorRegistryImpl/"
[00:35:22] [Server thread/TRACE] [REI] [REICommonPlugin START] Reloading Section: "start-reload/FluidComparatorRegistryImpl/" done in 44.53 μs
[00:35:22] [Server thread/TRACE] [REI] [REICommonPlugin START] Reloading Section: "start-reload/DisplaySerializerRegistryImpl/"
[00:35:22] [Server thread/TRACE] [REI] [REICommonPlugin START] Reloading Section: "start-reload/DisplaySerializerRegistryImpl/" done in 55.28 μs
[00:35:22] [Server thread/TRACE] [REI] [REICommonPlugin START] Reloading Section: "start-reload/ServerDisplayRegistryImpl/"
[00:35:22] [Server thread/TRACE] [REI] [REICommonPlugin START] Reloading Section: "start-reload/ServerDisplayRegistryImpl/" done in 58.05 μs
[00:35:22] [Server thread/TRACE] [REI] [REICommonPlugin START] Reloading Section: "start-reload/FluidSupportProviderImpl/"
[00:35:22] [Server thread/TRACE] [REI] [REICommonPlugin START] Reloading Section: "start-reload/FluidSupportProviderImpl/" done in 60.14 μs
[00:35:22] [Server thread/TRACE] [REI] [REICommonPlugin START] Reloading Section: "start-reload/" done in 1.321 ms
[00:35:22] [Server thread/DEBUG] [REI] ========================================
[00:35:22] [Server thread/DEBUG] [REI] REICommonPlugin started main-reload for START.
[00:35:22] [Server thread/DEBUG] [REI] ========================================
[00:35:22] [Server thread/TRACE] [REI] [REICommonPlugin START] Reloading Section: "reloadable-plugin/SlotAccessorRegistryImpl/"
[00:35:22] [Server thread/TRACE] [REI] [REICommonPlugin START] Reloading Section: "reloadable-plugin/SlotAccessorRegistryImpl/DefaultPlugin of DefaultPlugin [roughlyenoughitems]/"
[00:35:22] [Server thread/TRACE] [REI] [REICommonPlugin START] Reloading Section: "reloadable-plugin/SlotAccessorRegistryImpl/DefaultPlugin of DefaultPlugin [roughlyenoughitems]/" done in 319.9 μs
[00:35:22] [Server thread/TRACE] [REI] [REICommonPlugin START] Reloading Section: "reloadable-plugin/SlotAccessorRegistryImpl/FabricFluidAPISupportPlugin/"
[00:35:22] [Server thread/TRACE] [REI] [REICommonPlugin START] Reloading Section: "reloadable-plugin/SlotAccessorRegistryImpl/FabricFluidAPISupportPlugin/" done in 133.6 μs
[00:35:22] [Server thread/TRACE] [REI] [REICommonPlugin START] Reloading Section: "reloadable-plugin/SlotAccessorRegistryImpl/DefaultRuntimePlugin of DefaultRuntimePlugin [roughlyenoughitems]/"
[00:35:22] [Server thread/TRACE] [REI] [REICommonPlugin START] Reloading Section: "reloadable-plugin/SlotAccessorRegistryImpl/DefaultRuntimePlugin of DefaultRuntimePlugin [roughlyenoughitems]/" done in 242.7 μs
[00:35:22] [Server thread/TRACE] [REI] [REICommonPlugin START] Reloading Section: "reloadable-plugin/SlotAccessorRegistryImpl/" done in 1.949 ms
[00:35:22] [Server thread/TRACE] [REI] [REICommonPlugin START] Reloading Section: "reloadable-plugin/EntryTypeRegistryImpl/"
[00:35:22] [Server thread/TRACE] [REI] [REICommonPlugin START] Reloading Section: "reloadable-plugin/EntryTypeRegistryImpl/DefaultPlugin of DefaultPlugin [roughlyenoughitems]/"
[00:35:22] [Server thread/TRACE] [REI] [REICommonPlugin START] Reloading Section: "reloadable-plugin/EntryTypeRegistryImpl/DefaultPlugin of DefaultPlugin [roughlyenoughitems]/" done in 182.2 μs
[00:35:22] [Server thread/TRACE] [REI] [REICommonPlugin START] Reloading Section: "reloadable-plugin/EntryTypeRegistryImpl/FabricFluidAPISupportPlugin/"
[00:35:22] [Server thread/TRACE] [REI] [REICommonPlugin START] Reloading Section: "reloadable-plugin/EntryTypeRegistryImpl/FabricFluidAPISupportPlugin/" done in 140.3 μs
[00:35:22] [Server thread/TRACE] [REI] [REICommonPlugin START] Reloading Section: "reloadable-plugin/EntryTypeRegistryImpl/DefaultRuntimePlugin of DefaultRuntimePlugin [roughlyenoughitems]/"
[00:35:22] [Server thread/TRACE] [REI] [REICommonPlugin START] Reloading Section: "reloadable-plugin/EntryTypeRegistryImpl/DefaultRuntimePlugin of DefaultRuntimePlugin [roughlyenoughitems]/" done in 4.619 ms
[00:35:22] [Server thread/TRACE] [REI] [REICommonPlugin START] Reloading Section: "reloadable-plugin/EntryTypeRegistryImpl/" done in 5.632 ms
[00:35:22] [Server thread/TRACE] [REI] [REICommonPlugin START] Reloading Section: "reloadable-plugin/EntrySettingsAdapterRegistryImpl/"
[00:35:22] [Server thread/TRACE] [REI] [REICommonPlugin START] Reloading Section: "reloadable-plugin/EntrySettingsAdapterRegistryImpl/DefaultPlugin of DefaultPlugin [roughlyenoughitems]/"
[00:35:22] [Server thread/TRACE] [REI] [REICommonPlugin START] Reloading Section: "reloadable-plugin/EntrySettingsAdapterRegistryImpl/DefaultPlugin of DefaultPlugin [roughlyenoughitems]/" done in 78.32 μs
[00:35:22] [Server thread/TRACE] [REI] [REICommonPlugin START] Reloading Section: "reloadable-plugin/EntrySettingsAdapterRegistryImpl/FabricFluidAPISupportPlugin/"
[00:35:22] [Server thread/TRACE] [REI] [REICommonPlugin START] Reloading Section: "reloadable-plugin/EntrySettingsAdapterRegistryImpl/FabricFluidAPISupportPlugin/" done in 59.61 μs
[00:35:22] [Server thread/TRACE] [REI] [REICommonPlugin START] Reloading Section: "reloadable-plugin/EntrySettingsAdapterRegistryImpl/DefaultRuntimePlugin of DefaultRuntimePlugin [roughlyenoughitems]/"
[00:35:22] [Server thread/TRACE] [REI] [REICommonPlugin START] Reloading Section: "reloadable-plugin/EntrySettingsAdapterRegistryImpl/DefaultRuntimePlugin of DefaultRuntimePlugin [roughlyenoughitems]/" done in 51.79 μs
[00:35:22] [Server thread/TRACE] [REI] [REICommonPlugin START] Reloading Section: "reloadable-plugin/EntrySettingsAdapterRegistryImpl/" done in 589.0 μs
[00:35:22] [Server thread/TRACE] [REI] [REICommonPlugin START] Reloading Section: "reloadable-plugin/ItemComparatorRegistryImpl/"
[00:35:22] [Server thread/TRACE] [REI] [REICommonPlugin START] Reloading Section: "reloadable-plugin/ItemComparatorRegistryImpl/DefaultPlugin of DefaultPlugin [roughlyenoughitems]/"
[00:35:22] [Server thread/TRACE] [REI] [REICommonPlugin START] Reloading Section: "reloadable-plugin/ItemComparatorRegistryImpl/DefaultPlugin of DefaultPlugin [roughlyenoughitems]/" done in 980.4 μs
[00:35:22] [Server thread/TRACE] [REI] [REICommonPlugin START] Reloading Section: "reloadable-plugin/ItemComparatorRegistryImpl/FabricFluidAPISupportPlugin/"
[00:35:22] [Server thread/TRACE] [REI] [REICommonPlugin START] Reloading Section: "reloadable-plugin/ItemComparatorRegistryImpl/FabricFluidAPISupportPlugin/" done in 147.4 μs
[00:35:22] [Server thread/TRACE] [REI] [REICommonPlugin START] Reloading Section: "reloadable-plugin/ItemComparatorRegistryImpl/DefaultRuntimePlugin of DefaultRuntimePlugin [roughlyenoughitems]/"
[00:35:22] [Server thread/TRACE] [REI] [REICommonPlugin START] Reloading Section: "reloadable-plugin/ItemComparatorRegistryImpl/DefaultRuntimePlugin of DefaultRuntimePlugin [roughlyenoughitems]/" done in 146.9 μs
[00:35:22] [Server thread/TRACE] [REI] [REICommonPlugin START] Reloading Section: "reloadable-plugin/ItemComparatorRegistryImpl/" done in 1.955 ms
[00:35:22] [Server thread/TRACE] [REI] [REICommonPlugin START] Reloading Section: "reloadable-plugin/FluidComparatorRegistryImpl/"
[00:35:22] [Server thread/TRACE] [REI] [REICommonPlugin START] Reloading Section: "reloadable-plugin/FluidComparatorRegistryImpl/DefaultPlugin of DefaultPlugin [roughlyenoughitems]/"
[00:35:22] [Server thread/TRACE] [REI] [REICommonPlugin START] Reloading Section: "reloadable-plugin/FluidComparatorRegistryImpl/DefaultPlugin of DefaultPlugin [roughlyenoughitems]/" done in 167.3 μs
[00:35:22] [Server thread/TRACE] [REI] [REICommonPlugin START] Reloading Section: "reloadable-plugin/FluidComparatorRegistryImpl/FabricFluidAPISupportPlugin/"
[00:35:22] [Server thread/TRACE] [REI] [REICommonPlugin START] Reloading Section: "reloadable-plugin/FluidComparatorRegistryImpl/FabricFluidAPISupportPlugin/" done in 146.8 μs
[00:35:22] [Server thread/TRACE] [REI] [REICommonPlugin START] Reloading Section: "reloadable-plugin/FluidComparatorRegistryImpl/DefaultRuntimePlugin of DefaultRuntimePlugin [roughlyenoughitems]/"
[00:35:22] [Server thread/TRACE] [REI] [REICommonPlugin START] Reloading Section: "reloadable-plugin/FluidComparatorRegistryImpl/DefaultRuntimePlugin of DefaultRuntimePlugin [roughlyenoughitems]/" done in 132.0 μs
[00:35:22] [Server thread/TRACE] [REI] [REICommonPlugin START] Reloading Section: "reloadable-plugin/FluidComparatorRegistryImpl/" done in 2.025 ms
[00:35:22] [Server thread/TRACE] [REI] [REICommonPlugin START] Reloading Section: "reloadable-plugin/DisplaySerializerRegistryImpl/"
[00:35:22] [Server thread/TRACE] [REI] [REICommonPlugin START] Reloading Section: "reloadable-plugin/DisplaySerializerRegistryImpl/DefaultPlugin of DefaultPlugin [roughlyenoughitems]/"
[00:35:22] [Server thread/DEBUG] [REI] Added display serializer [minecraft:client/crafting/shaped] me.shedaniel.rei.api.common.display.DisplaySerializer$1@710b5be8
[00:35:22] [Server thread/DEBUG] [REI] Added display serializer [minecraft:client/crafting/shapeless] me.shedaniel.rei.api.common.display.DisplaySerializer$1@586d9a2f
[00:35:22] [Server thread/DEBUG] [REI] Added display serializer [minecraft:client/smelting] me.shedaniel.rei.api.common.display.DisplaySerializer$1@22f65466
[00:35:22] [Server thread/DEBUG] [REI] Added display serializer [minecraft:client/smoking] me.shedaniel.rei.api.common.display.DisplaySerializer$1@27f8e2e
[00:35:22] [Server thread/DEBUG] [REI] Added display serializer [minecraft:client/blasting] me.shedaniel.rei.api.common.display.DisplaySerializer$1@415f213b
[00:35:22] [Server thread/DEBUG] [REI] Added display serializer [minecraft:default/crafting/shaped] me.shedaniel.rei.api.common.display.DisplaySerializer$1@34d6795b
[00:35:22] [Server thread/DEBUG] [REI] Added display serializer [minecraft:default/crafting/shapeless] me.shedaniel.rei.api.common.display.DisplaySerializer$1@13c40475
[00:35:22] [Server thread/DEBUG] [REI] Added display serializer [minecraft:default/crafting/custom] me.shedaniel.rei.api.common.display.DisplaySerializer$1@6bbaa24
[00:35:22] [Server thread/DEBUG] [REI] Added display serializer [minecraft:default/crafting/custom_shaped] me.shedaniel.rei.api.common.display.DisplaySerializer$1@1c5dcc06
[00:35:22] [Server thread/DEBUG] [REI] Added display serializer [minecraft:default/crafting/custom_shapeless] me.shedaniel.rei.api.common.display.DisplaySerializer$1@1ec53feb
[00:35:22] [Server thread/DEBUG] [REI] Added display serializer [minecraft:extension/crafting/map_extending] me.shedaniel.rei.api.common.display.DisplaySerializer$1@3e89f552
[00:35:22] [Server thread/DEBUG] [REI] Added display serializer [minecraft:default/smelting] me.shedaniel.rei.api.common.display.DisplaySerializer$1@5c0da940
[00:35:22] [Server thread/DEBUG] [REI] Added display serializer [minecraft:default/smoking] me.shedaniel.rei.api.common.display.DisplaySerializer$1@2535b8b6
[00:35:22] [Server thread/DEBUG] [REI] Added display serializer [minecraft:default/blasting] me.shedaniel.rei.api.common.display.DisplaySerializer$1@c196610
[00:35:22] [Server thread/DEBUG] [REI] Added display serializer [minecraft:default/campfire] me.shedaniel.rei.api.common.display.DisplaySerializer$1@5fc54c49
[00:35:22] [Server thread/DEBUG] [REI] Added display serializer [minecraft:default/stone_cutting] me.shedaniel.rei.api.common.display.DisplaySerializer$1@11de7c79
[00:35:22] [Server thread/DEBUG] [REI] Added display serializer [minecraft:default/stripping] me.shedaniel.rei.api.common.display.DisplaySerializer$1@4af1e240
[00:35:22] [Server thread/DEBUG] [REI] Added display serializer [minecraft:default/brewing] me.shedaniel.rei.api.common.display.DisplaySerializer$1@6826c3cf
[00:35:22] [Server thread/DEBUG] [REI] Added display serializer [minecraft:default/composting] me.shedaniel.rei.api.common.display.DisplaySerializer$1@3d96835b
[00:35:22] [Server thread/DEBUG] [REI] Added display serializer [minecraft:default/fuel] me.shedaniel.rei.api.common.display.DisplaySerializer$1@7b69872e
[00:35:22] [Server thread/DEBUG] [REI] Added display serializer [minecraft:default/smithing] me.shedaniel.rei.api.common.display.DisplaySerializer$1@1c275d6c
[00:35:22] [Server thread/DEBUG] [REI] Added display serializer [minecraft:default/anvil] me.shedaniel.rei.api.common.display.DisplaySerializer$1@102e1ddb
[00:35:22] [Server thread/DEBUG] [REI] Added display serializer [minecraft:default/beacon_base] me.shedaniel.rei.api.common.display.DisplaySerializer$1@4a13749d
[00:35:22] [Server thread/DEBUG] [REI] Added display serializer [minecraft:default/beacon_payment] me.shedaniel.rei.api.common.display.DisplaySerializer$1@66e0b943
[00:35:22] [Server thread/DEBUG] [REI] Added display serializer [minecraft:default/tilling] me.shedaniel.rei.api.common.display.DisplaySerializer$1@4718bd32
[00:35:22] [Server thread/DEBUG] [REI] Added display serializer [minecraft:default/pathing] me.shedaniel.rei.api.common.display.DisplaySerializer$1@2e4a2d32
[00:35:22] [Server thread/DEBUG] [REI] Added display serializer [minecraft:default/waxing] me.shedaniel.rei.api.common.display.DisplaySerializer$1@20f994a7
[00:35:22] [Server thread/DEBUG] [REI] Added display serializer [minecraft:default/waxing_scraping] me.shedaniel.rei.api.common.display.DisplaySerializer$1@565b753c
[00:35:22] [Server thread/DEBUG] [REI] Added display serializer [minecraft:default/oxidizing] me.shedaniel.rei.api.common.display.DisplaySerializer$1@25add09
[00:35:22] [Server thread/DEBUG] [REI] Added display serializer [minecraft:default/oxidizing_scraping] me.shedaniel.rei.api.common.display.DisplaySerializer$1@24c04070
[00:35:22] [Server thread/DEBUG] [REI] Added display serializer [roughlyenoughitems:default/information] me.shedaniel.rei.api.common.display.DisplaySerializer$1@31dc1977
[00:35:22] [Server thread/TRACE] [REI] [REICommonPlugin START] Reloading Section: "reloadable-plugin/DisplaySerializerRegistryImpl/DefaultPlugin of DefaultPlugin [roughlyenoughitems]/" done in 49.00 ms
[00:35:22] [Server thread/TRACE] [REI] [REICommonPlugin START] Reloading Section: "reloadable-plugin/DisplaySerializerRegistryImpl/FabricFluidAPISupportPlugin/"
[00:35:22] [Server thread/TRACE] [REI] [REICommonPlugin START] Reloading Section: "reloadable-plugin/DisplaySerializerRegistryImpl/FabricFluidAPISupportPlugin/" done in 72.86 μs
[00:35:22] [Server thread/TRACE] [REI] [REICommonPlugin START] Reloading Section: "reloadable-plugin/DisplaySerializerRegistryImpl/DefaultRuntimePlugin of DefaultRuntimePlugin [roughlyenoughitems]/"
[00:35:22] [Server thread/TRACE] [REI] [REICommonPlugin START] Reloading Section: "reloadable-plugin/DisplaySerializerRegistryImpl/DefaultRuntimePlugin of DefaultRuntimePlugin [roughlyenoughitems]/" done in 55.03 μs
[00:35:22] [Server thread/TRACE] [REI] [REICommonPlugin START] Reloading Section: "reloadable-plugin/DisplaySerializerRegistryImpl/" done in 49.61 ms
[00:35:22] [Server thread/TRACE] [REI] [REICommonPlugin START] Reloading Section: "reloadable-plugin/ServerDisplayRegistryImpl/"
[00:35:22] [Server thread/TRACE] [REI] [REICommonPlugin START] Reloading Section: "reloadable-plugin/ServerDisplayRegistryImpl/DefaultPlugin of DefaultPlugin [roughlyenoughitems]/"
[00:35:22] [Server thread/TRACE] [REI] [REICommonPlugin START] Reloading Section: "reloadable-plugin/ServerDisplayRegistryImpl/DefaultPlugin of DefaultPlugin [roughlyenoughitems]/" done in 57.86 μs
[00:35:22] [Server thread/TRACE] [REI] [REICommonPlugin START] Reloading Section: "reloadable-plugin/ServerDisplayRegistryImpl/FabricFluidAPISupportPlugin/"
[00:35:22] [Server thread/TRACE] [REI] [REICommonPlugin START] Reloading Section: "reloadable-plugin/ServerDisplayRegistryImpl/FabricFluidAPISupportPlugin/" done in 35.57 μs
[00:35:22] [Server thread/TRACE] [REI] [REICommonPlugin START] Reloading Section: "reloadable-plugin/ServerDisplayRegistryImpl/DefaultRuntimePlugin of DefaultRuntimePlugin [roughlyenoughitems]/"
[00:35:22] [Server thread/TRACE] [REI] [REICommonPlugin START] Reloading Section: "reloadable-plugin/ServerDisplayRegistryImpl/DefaultRuntimePlugin of DefaultRuntimePlugin [roughlyenoughitems]/" done in 32.83 μs
[00:35:22] [Server thread/TRACE] [REI] [REICommonPlugin START] Reloading Section: "reloadable-plugin/ServerDisplayRegistryImpl/" done in 438.8 μs
[00:35:22] [Server thread/TRACE] [REI] [REICommonPlugin START] Reloading Section: "reloadable-plugin/FluidSupportProviderImpl/"
[00:35:22] [Server thread/TRACE] [REI] [REICommonPlugin START] Reloading Section: "reloadable-plugin/FluidSupportProviderImpl/DefaultPlugin of DefaultPlugin [roughlyenoughitems]/"
[00:35:22] [Server thread/TRACE] [REI] [REICommonPlugin START] Reloading Section: "reloadable-plugin/FluidSupportProviderImpl/DefaultPlugin of DefaultPlugin [roughlyenoughitems]/" done in 416.7 μs
[00:35:22] [Server thread/TRACE] [REI] [REICommonPlugin START] Reloading Section: "reloadable-plugin/FluidSupportProviderImpl/FabricFluidAPISupportPlugin/"
[00:35:22] [Server thread/TRACE] [REI] [REICommonPlugin START] Reloading Section: "reloadable-plugin/FluidSupportProviderImpl/FabricFluidAPISupportPlugin/" done in 200.7 μs
[00:35:22] [Server thread/TRACE] [REI] [REICommonPlugin START] Reloading Section: "reloadable-plugin/FluidSupportProviderImpl/DefaultRuntimePlugin of DefaultRuntimePlugin [roughlyenoughitems]/"
[00:35:22] [Server thread/TRACE] [REI] [REICommonPlugin START] Reloading Section: "reloadable-plugin/FluidSupportProviderImpl/DefaultRuntimePlugin of DefaultRuntimePlugin [roughlyenoughitems]/" done in 65.19 μs
[00:35:22] [Server thread/TRACE] [REI] [REICommonPlugin START] Reloading Section: "reloadable-plugin/FluidSupportProviderImpl/" done in 1.129 ms
[00:35:22] [Server thread/DEBUG] [REI] ========================================
[00:35:22] [Server thread/DEBUG] [REI] REICommonPlugin ending main-reload for START.
[00:35:22] [Server thread/DEBUG] [REI] ========================================
[00:35:22] [Server thread/TRACE] [REI] [REICommonPlugin START] Reloading Section: "end-reload/"
[00:35:22] [Server thread/TRACE] [REI] [REICommonPlugin START] Reloading Section: "end-reload/SlotAccessorRegistryImpl/"
[00:35:22] [Server thread/TRACE] [REI] [REICommonPlugin START] Reloading Section: "end-reload/SlotAccessorRegistryImpl/" done in 53.87 μs
[00:35:22] [Server thread/TRACE] [REI] [REICommonPlugin START] Reloading Section: "end-reload/EntryTypeRegistryImpl/"
[00:35:22] [Server thread/TRACE] [REI] [REICommonPlugin START] Reloading Section: "end-reload/EntryTypeRegistryImpl/" done in 56.40 μs
[00:35:22] [Server thread/TRACE] [REI] [REICommonPlugin START] Reloading Section: "end-reload/EntrySettingsAdapterRegistryImpl/"
[00:35:22] [Server thread/TRACE] [REI] [REICommonPlugin START] Reloading Section: "end-reload/EntrySettingsAdapterRegistryImpl/" done in 43.60 μs
[00:35:22] [Server thread/TRACE] [REI] [REICommonPlugin START] Reloading Section: "end-reload/ItemComparatorRegistryImpl/"
[00:35:22] [Server thread/TRACE] [REI] [REICommonPlugin START] Reloading Section: "end-reload/ItemComparatorRegistryImpl/" done in 46.25 μs
[00:35:22] [Server thread/TRACE] [REI] [REICommonPlugin START] Reloading Section: "end-reload/FluidComparatorRegistryImpl/"
[00:35:22] [Server thread/TRACE] [REI] [REICommonPlugin START] Reloading Section: "end-reload/FluidComparatorRegistryImpl/" done in 48.51 μs
[00:35:22] [Server thread/TRACE] [REI] [REICommonPlugin START] Reloading Section: "end-reload/DisplaySerializerRegistryImpl/"
[00:35:22] [Server thread/TRACE] [REI] [REICommonPlugin START] Reloading Section: "end-reload/DisplaySerializerRegistryImpl/" done in 40.04 μs
[00:35:22] [Server thread/TRACE] [REI] [REICommonPlugin START] Reloading Section: "end-reload/ServerDisplayRegistryImpl/"
[00:35:22] [Server thread/TRACE] [REI] [REICommonPlugin START] Reloading Section: "end-reload/ServerDisplayRegistryImpl/" done in 42.25 μs
[00:35:22] [Server thread/TRACE] [REI] [REICommonPlugin START] Reloading Section: "end-reload/FluidSupportProviderImpl/"
[00:35:22] [Server thread/TRACE] [REI] [REICommonPlugin START] Reloading Section: "end-reload/FluidSupportProviderImpl/" done in 44.96 μs
[00:35:22] [Server thread/TRACE] [REI] [REICommonPlugin START] Reloading Section: "end-reload/" done in 1.222 ms
[00:35:22] [Server thread/DEBUG] [REI] ========================================
[00:35:22] [Server thread/DEBUG] [REI] REICommonPlugin ended main-reload for START in 73.78 ms.
[00:35:22] [Server thread/DEBUG] [REI] ========================================
[00:35:22] [Server thread/DEBUG] [REI] ========================================
[00:35:22] [Server thread/DEBUG] [REI] REICommonPlugin starting post-reload for START.
[00:35:22] [Server thread/DEBUG] [REI] Reloadables (8):
[00:35:22] [Server thread/DEBUG] [REI]  - SlotAccessorRegistryImpl
[00:35:22] [Server thread/DEBUG] [REI]  - EntryTypeRegistryImpl
[00:35:22] [Server thread/DEBUG] [REI]  - EntrySettingsAdapterRegistryImpl
[00:35:22] [Server thread/DEBUG] [REI]  - ItemComparatorRegistryImpl
[00:35:22] [Server thread/DEBUG] [REI]  - FluidComparatorRegistryImpl
[00:35:22] [Server thread/DEBUG] [REI]  - DisplaySerializerRegistryImpl
[00:35:22] [Server thread/DEBUG] [REI]  - ServerDisplayRegistryImpl
[00:35:22] [Server thread/DEBUG] [REI]  - FluidSupportProviderImpl
[00:35:22] [Server thread/DEBUG] [REI] Plugins (3):
[00:35:22] [Server thread/DEBUG] [REI]  - (-100.00) DefaultPlugin of DefaultPlugin [roughlyenoughitems]
[00:35:22] [Server thread/DEBUG] [REI]  - (0.00) FabricFluidAPISupportPlugin
[00:35:22] [Server thread/DEBUG] [REI]  - (0.00) DefaultRuntimePlugin of DefaultRuntimePlugin [roughlyenoughitems]
[00:35:22] [Server thread/DEBUG] [REI] ========================================
[00:35:22] [Server thread/TRACE] [REI] [REICommonPlugin START] Reloading Section: "post-register/"
[00:35:22] [Server thread/TRACE] [REI] [REICommonPlugin START] Reloading Section: "post-register/DefaultPlugin of DefaultPlugin [roughlyenoughitems]/"
[00:35:22] [Server thread/TRACE] [REI] [REICommonPlugin START] Reloading Section: "post-register/DefaultPlugin of DefaultPlugin [roughlyenoughitems]/" done in 1.871 ms
[00:35:22] [Server thread/TRACE] [REI] [REICommonPlugin START] Reloading Section: "post-register/FabricFluidAPISupportPlugin/"
[00:35:22] [Server thread/TRACE] [REI] [REICommonPlugin START] Reloading Section: "post-register/FabricFluidAPISupportPlugin/" done in 38.05 μs
[00:35:22] [Server thread/TRACE] [REI] [REICommonPlugin START] Reloading Section: "post-register/DefaultRuntimePlugin of DefaultRuntimePlugin [roughlyenoughitems]/"
[00:35:22] [Server thread/TRACE] [REI] [REICommonPlugin START] Reloading Section: "post-register/DefaultRuntimePlugin of DefaultRuntimePlugin [roughlyenoughitems]/" done in 30.28 μs
[00:35:22] [Server thread/TRACE] [REI] [REICommonPlugin START] Reloading Section: "post-register/" done in 2.464 ms
[00:35:22] [Server thread/TRACE] [REI] [REICommonPlugin START] Reloading Section: "post-stage/"
[00:35:22] [Server thread/TRACE] [REI] [REICommonPlugin START] Reloading Section: "post-stage/SlotAccessorRegistryImpl/"
[00:35:22] [Server thread/TRACE] [REI] [REICommonPlugin START] Reloading Section: "post-stage/SlotAccessorRegistryImpl/" done in 54.16 μs
[00:35:22] [Server thread/TRACE] [REI] [REICommonPlugin START] Reloading Section: "post-stage/EntryTypeRegistryImpl/"
[00:35:22] [Server thread/TRACE] [REI] [REICommonPlugin START] Reloading Section: "post-stage/EntryTypeRegistryImpl/" done in 37.08 μs
[00:35:22] [Server thread/TRACE] [REI] [REICommonPlugin START] Reloading Section: "post-stage/EntrySettingsAdapterRegistryImpl/"
[00:35:22] [Server thread/TRACE] [REI] [REICommonPlugin START] Reloading Section: "post-stage/EntrySettingsAdapterRegistryImpl/" done in 42.11 μs
[00:35:22] [Server thread/TRACE] [REI] [REICommonPlugin START] Reloading Section: "post-stage/ItemComparatorRegistryImpl/"
[00:35:22] [Server thread/TRACE] [REI] [REICommonPlugin START] Reloading Section: "post-stage/ItemComparatorRegistryImpl/" done in 31.64 μs
[00:35:22] [Server thread/TRACE] [REI] [REICommonPlugin START] Reloading Section: "post-stage/FluidComparatorRegistryImpl/"
[00:35:22] [Server thread/TRACE] [REI] [REICommonPlugin START] Reloading Section: "post-stage/FluidComparatorRegistryImpl/" done in 40.98 μs
[00:35:22] [Server thread/TRACE] [REI] [REICommonPlugin START] Reloading Section: "post-stage/DisplaySerializerRegistryImpl/"
[00:35:22] [Server thread/TRACE] [REI] [REICommonPlugin START] Reloading Section: "post-stage/DisplaySerializerRegistryImpl/" done in 29.48 μs
[00:35:22] [Server thread/TRACE] [REI] [REICommonPlugin START] Reloading Section: "post-stage/ServerDisplayRegistryImpl/"
[00:35:22] [Server thread/TRACE] [REI] [REICommonPlugin START] Reloading Section: "post-stage/ServerDisplayRegistryImpl/" done in 44.17 μs
[00:35:22] [Server thread/TRACE] [REI] [REICommonPlugin START] Reloading Section: "post-stage/FluidSupportProviderImpl/"
[00:35:22] [Server thread/TRACE] [REI] [REICommonPlugin START] Reloading Section: "post-stage/FluidSupportProviderImpl/" done in 27.30 μs
[00:35:22] [Server thread/TRACE] [REI] [REICommonPlugin START] Reloading Section: "post-stage/" done in 1.002 ms
[00:35:22] [Server thread/DEBUG] [REI] ========================================
[00:35:22] [Server thread/INFO] [REI] REICommonPlugin finished post-reload for START in 3.582 ms, totaling 98.06 ms.
[00:35:22] [Server thread/DEBUG] [REI] ========================================
[00:35:22] [Server thread/DEBUG] [REI] ========================================
[00:35:22] [Server thread/DEBUG] [REI] REICommonPlugin starting pre-reload for END.
[00:35:22] [Server thread/DEBUG] [REI] Reloadables (8):
[00:35:22] [Server thread/DEBUG] [REI]  - SlotAccessorRegistryImpl
[00:35:22] [Server thread/DEBUG] [REI]  - EntryTypeRegistryImpl
[00:35:22] [Server thread/DEBUG] [REI]  - EntrySettingsAdapterRegistryImpl
[00:35:22] [Server thread/DEBUG] [REI]  - ItemComparatorRegistryImpl
[00:35:22] [Server thread/DEBUG] [REI]  - FluidComparatorRegistryImpl
[00:35:22] [Server thread/DEBUG] [REI]  - DisplaySerializerRegistryImpl
[00:35:22] [Server thread/DEBUG] [REI]  - ServerDisplayRegistryImpl
[00:35:22] [Server thread/DEBUG] [REI]  - FluidSupportProviderImpl
[00:35:22] [Server thread/DEBUG] [REI] Plugins (3):
[00:35:22] [Server thread/DEBUG] [REI]  - (-100.00) DefaultPlugin of DefaultPlugin [roughlyenoughitems]
[00:35:22] [Server thread/DEBUG] [REI]  - (0.00) FabricFluidAPISupportPlugin
[00:35:22] [Server thread/DEBUG] [REI]  - (0.00) DefaultRuntimePlugin of DefaultRuntimePlugin [roughlyenoughitems]
[00:35:22] [Server thread/DEBUG] [REI] ========================================
[00:35:22] [Server thread/TRACE] [REI] [REICommonPlugin END] Reloading Section: "pre-register/"
[00:35:22] [Server thread/TRACE] [REI] [REICommonPlugin END] Reloading Section: "pre-register/DefaultPlugin of DefaultPlugin [roughlyenoughitems]/"
[00:35:22] [Server thread/TRACE] [REI] [REICommonPlugin END] Reloading Section: "pre-register/DefaultPlugin of DefaultPlugin [roughlyenoughitems]/" done in 31.72 μs
[00:35:22] [Server thread/TRACE] [REI] [REICommonPlugin END] Reloading Section: "pre-register/FabricFluidAPISupportPlugin/"
[00:35:22] [Server thread/TRACE] [REI] [REICommonPlugin END] Reloading Section: "pre-register/FabricFluidAPISupportPlugin/" done in 27.77 μs
[00:35:22] [Server thread/TRACE] [REI] [REICommonPlugin END] Reloading Section: "pre-register/DefaultRuntimePlugin of DefaultRuntimePlugin [roughlyenoughitems]/"
[00:35:22] [Server thread/TRACE] [REI] [REICommonPlugin END] Reloading Section: "pre-register/DefaultRuntimePlugin of DefaultRuntimePlugin [roughlyenoughitems]/" done in 27.66 μs
[00:35:22] [Server thread/TRACE] [REI] [REICommonPlugin END] Reloading Section: "pre-register/" done in 327.0 μs
[00:35:22] [Server thread/TRACE] [REI] [REICommonPlugin END] Reloading Section: "pre-stage/"
[00:35:22] [Server thread/TRACE] [REI] [REICommonPlugin END] Reloading Section: "pre-stage/SlotAccessorRegistryImpl/"
[00:35:22] [Server thread/TRACE] [REI] [REICommonPlugin END] Reloading Section: "pre-stage/SlotAccessorRegistryImpl/" done in 27.35 μs
[00:35:22] [Server thread/TRACE] [REI] [REICommonPlugin END] Reloading Section: "pre-stage/EntryTypeRegistryImpl/"
[00:35:22] [Server thread/TRACE] [REI] [REICommonPlugin END] Reloading Section: "pre-stage/EntryTypeRegistryImpl/" done in 63.89 μs
[00:35:22] [Server thread/TRACE] [REI] [REICommonPlugin END] Reloading Section: "pre-stage/EntrySettingsAdapterRegistryImpl/"
[00:35:22] [Server thread/TRACE] [REI] [REICommonPlugin END] Reloading Section: "pre-stage/EntrySettingsAdapterRegistryImpl/" done in 32.48 μs
[00:35:22] [Server thread/TRACE] [REI] [REICommonPlugin END] Reloading Section: "pre-stage/ItemComparatorRegistryImpl/"
[00:35:22] [Server thread/TRACE] [REI] [REICommonPlugin END] Reloading Section: "pre-stage/ItemComparatorRegistryImpl/" done in 52.19 μs
[00:35:22] [Server thread/TRACE] [REI] [REICommonPlugin END] Reloading Section: "pre-stage/FluidComparatorRegistryImpl/"
[00:35:22] [Server thread/TRACE] [REI] [REICommonPlugin END] Reloading Section: "pre-stage/FluidComparatorRegistryImpl/" done in 32.22 μs
[00:35:22] [Server thread/TRACE] [REI] [REICommonPlugin END] Reloading Section: "pre-stage/DisplaySerializerRegistryImpl/"
[00:35:22] [Server thread/TRACE] [REI] [REICommonPlugin END] Reloading Section: "pre-stage/DisplaySerializerRegistryImpl/" done in 25.44 μs
[00:35:22] [Server thread/TRACE] [REI] [REICommonPlugin END] Reloading Section: "pre-stage/ServerDisplayRegistryImpl/"
[00:35:22] [Server thread/TRACE] [REI] [REICommonPlugin END] Reloading Section: "pre-stage/ServerDisplayRegistryImpl/" done in 31.60 μs
[00:35:22] [Server thread/TRACE] [REI] [REICommonPlugin END] Reloading Section: "pre-stage/FluidSupportProviderImpl/"
[00:35:22] [Server thread/TRACE] [REI] [REICommonPlugin END] Reloading Section: "pre-stage/FluidSupportProviderImpl/" done in 24.66 μs
[00:35:22] [Server thread/TRACE] [REI] [REICommonPlugin END] Reloading Section: "pre-stage/" done in 5.560 ms
[00:35:22] [Server thread/DEBUG] [REI] ========================================
[00:35:22] [Server thread/DEBUG] [REI] REICommonPlugin finished pre-reload for END in 5.980 ms.
[00:35:22] [Server thread/DEBUG] [REI] ========================================
[00:35:22] [Server thread/INFO] [REI] ----------------------------------------
[00:35:22] [Server thread/INFO] [REI] REICommonPlugin starting main-reload for END.
[00:35:22] [Server thread/DEBUG] [REI] Reloadables (8):
[00:35:22] [Server thread/DEBUG] [REI]  - SlotAccessorRegistryImpl
[00:35:22] [Server thread/DEBUG] [REI]  - EntryTypeRegistryImpl
[00:35:22] [Server thread/DEBUG] [REI]  - EntrySettingsAdapterRegistryImpl
[00:35:22] [Server thread/DEBUG] [REI]  - ItemComparatorRegistryImpl
[00:35:22] [Server thread/DEBUG] [REI]  - FluidComparatorRegistryImpl
[00:35:22] [Server thread/DEBUG] [REI]  - DisplaySerializerRegistryImpl
[00:35:22] [Server thread/DEBUG] [REI]  - ServerDisplayRegistryImpl
[00:35:22] [Server thread/DEBUG] [REI]  - FluidSupportProviderImpl
[00:35:22] [Server thread/INFO] [REI] Plugins (3):
[00:35:22] [Server thread/INFO] [REI]  - (-100.00) DefaultPlugin of DefaultPlugin [roughlyenoughitems]
[00:35:22] [Server thread/INFO] [REI]  - (0.00) FabricFluidAPISupportPlugin
[00:35:22] [Server thread/INFO] [REI]  - (0.00) DefaultRuntimePlugin of DefaultRuntimePlugin [roughlyenoughitems]
[00:35:22] [Server thread/INFO] [REI] ----------------------------------------
[00:35:22] [Server thread/TRACE] [REI] [REICommonPlugin END] Reloading Section: "start-reload/"
[00:35:22] [Server thread/TRACE] [REI] [REICommonPlugin END] Reloading Section: "start-reload/SlotAccessorRegistryImpl/"
[00:35:22] [Server thread/TRACE] [REI] [REICommonPlugin END] Reloading Section: "start-reload/SlotAccessorRegistryImpl/" done in 47.98 μs
[00:35:22] [Server thread/TRACE] [REI] [REICommonPlugin END] Reloading Section: "start-reload/EntryTypeRegistryImpl/"
[00:35:22] [Server thread/TRACE] [REI] [REICommonPlugin END] Reloading Section: "start-reload/EntryTypeRegistryImpl/" done in 50.58 μs
[00:35:22] [Server thread/TRACE] [REI] [REICommonPlugin END] Reloading Section: "start-reload/EntrySettingsAdapterRegistryImpl/"
[00:35:22] [Server thread/TRACE] [REI] [REICommonPlugin END] Reloading Section: "start-reload/EntrySettingsAdapterRegistryImpl/" done in 71.64 μs
[00:35:22] [Server thread/TRACE] [REI] [REICommonPlugin END] Reloading Section: "start-reload/ItemComparatorRegistryImpl/"
[00:35:22] [Server thread/TRACE] [REI] [REICommonPlugin END] Reloading Section: "start-reload/ItemComparatorRegistryImpl/" done in 31.43 μs
[00:35:22] [Server thread/TRACE] [REI] [REICommonPlugin END] Reloading Section: "start-reload/FluidComparatorRegistryImpl/"
[00:35:22] [Server thread/TRACE] [REI] [REICommonPlugin END] Reloading Section: "start-reload/FluidComparatorRegistryImpl/" done in 30.04 μs
[00:35:22] [Server thread/TRACE] [REI] [REICommonPlugin END] Reloading Section: "start-reload/DisplaySerializerRegistryImpl/"
[00:35:22] [Server thread/TRACE] [REI] [REICommonPlugin END] Reloading Section: "start-reload/DisplaySerializerRegistryImpl/" done in 28.14 μs
[00:35:22] [Server thread/TRACE] [REI] [REICommonPlugin END] Reloading Section: "start-reload/ServerDisplayRegistryImpl/"
[00:35:22] [Server thread/TRACE] [REI] [REICommonPlugin END] Reloading Section: "start-reload/ServerDisplayRegistryImpl/" done in 94.25 μs
[00:35:22] [Server thread/TRACE] [REI] [REICommonPlugin END] Reloading Section: "start-reload/FluidSupportProviderImpl/"
[00:35:22] [Server thread/TRACE] [REI] [REICommonPlugin END] Reloading Section: "start-reload/FluidSupportProviderImpl/" done in 102.5 μs
[00:35:22] [Server thread/TRACE] [REI] [REICommonPlugin END] Reloading Section: "start-reload/" done in 1.183 ms
[00:35:22] [Server thread/DEBUG] [REI] ========================================
[00:35:22] [Server thread/DEBUG] [REI] REICommonPlugin started main-reload for END.
[00:35:22] [Server thread/DEBUG] [REI] ========================================
[00:35:22] [Server thread/TRACE] [REI] [REICommonPlugin END] Reloading Section: "reloadable-plugin/SlotAccessorRegistryImpl/"
[00:35:22] [Server thread/TRACE] [REI] [REICommonPlugin END] Reloading Section: "reloadable-plugin/SlotAccessorRegistryImpl/DefaultPlugin of DefaultPlugin [roughlyenoughitems]/"
[00:35:22] [Server thread/TRACE] [REI] [REICommonPlugin END] Reloading Section: "reloadable-plugin/SlotAccessorRegistryImpl/DefaultPlugin of DefaultPlugin [roughlyenoughitems]/" done in 45.83 μs
[00:35:22] [Server thread/TRACE] [REI] [REICommonPlugin END] Reloading Section: "reloadable-plugin/SlotAccessorRegistryImpl/FabricFluidAPISupportPlugin/"
[00:35:22] [Server thread/TRACE] [REI] [REICommonPlugin END] Reloading Section: "reloadable-plugin/SlotAccessorRegistryImpl/FabricFluidAPISupportPlugin/" done in 44.17 μs
[00:35:22] [Server thread/TRACE] [REI] [REICommonPlugin END] Reloading Section: "reloadable-plugin/SlotAccessorRegistryImpl/DefaultRuntimePlugin of DefaultRuntimePlugin [roughlyenoughitems]/"
[00:35:22] [Server thread/DEBUG] [REI] Added slot accessor serializer: me.shedaniel.rei.plugin.common.runtime.DefaultRuntimePlugin$1@6569f83 [roughlyenoughitems:vanilla]
[00:35:22] [Server thread/DEBUG] [REI] Added slot accessor serializer: me.shedaniel.rei.plugin.common.runtime.DefaultRuntimePlugin$2@666e550d [roughlyenoughitems:player]
[00:35:22] [Server thread/TRACE] [REI] [REICommonPlugin END] Reloading Section: "reloadable-plugin/SlotAccessorRegistryImpl/DefaultRuntimePlugin of DefaultRuntimePlugin [roughlyenoughitems]/" done in 1.623 ms
[00:35:22] [Server thread/TRACE] [REI] [REICommonPlugin END] Reloading Section: "reloadable-plugin/SlotAccessorRegistryImpl/" done in 2.014 ms
[00:35:22] [Server thread/TRACE] [REI] [REICommonPlugin END] Reloading Section: "reloadable-plugin/EntryTypeRegistryImpl/"
[00:35:22] [Server thread/TRACE] [REI] [REICommonPlugin END] Reloading Section: "reloadable-plugin/EntryTypeRegistryImpl/DefaultPlugin of DefaultPlugin [roughlyenoughitems]/"
[00:35:22] [Server thread/TRACE] [REI] [REICommonPlugin END] Reloading Section: "reloadable-plugin/EntryTypeRegistryImpl/DefaultPlugin of DefaultPlugin [roughlyenoughitems]/" done in 42.80 μs
[00:35:22] [Server thread/TRACE] [REI] [REICommonPlugin END] Reloading Section: "reloadable-plugin/EntryTypeRegistryImpl/FabricFluidAPISupportPlugin/"
[00:35:22] [Server thread/TRACE] [REI] [REICommonPlugin END] Reloading Section: "reloadable-plugin/EntryTypeRegistryImpl/FabricFluidAPISupportPlugin/" done in 38.64 μs
[00:35:22] [Server thread/TRACE] [REI] [REICommonPlugin END] Reloading Section: "reloadable-plugin/EntryTypeRegistryImpl/DefaultRuntimePlugin of DefaultRuntimePlugin [roughlyenoughitems]/"
[00:35:22] [Server thread/TRACE] [REI] [REICommonPlugin END] Reloading Section: "reloadable-plugin/EntryTypeRegistryImpl/DefaultRuntimePlugin of DefaultRuntimePlugin [roughlyenoughitems]/" done in 42.97 μs
[00:35:22] [Server thread/TRACE] [REI] [REICommonPlugin END] Reloading Section: "reloadable-plugin/EntryTypeRegistryImpl/" done in 437.4 μs
[00:35:22] [Server thread/TRACE] [REI] [REICommonPlugin END] Reloading Section: "reloadable-plugin/EntrySettingsAdapterRegistryImpl/"
[00:35:22] [Server thread/TRACE] [REI] [REICommonPlugin END] Reloading Section: "reloadable-plugin/EntrySettingsAdapterRegistryImpl/DefaultPlugin of DefaultPlugin [roughlyenoughitems]/"
[00:35:22] [Server thread/TRACE] [REI] [REICommonPlugin END] Reloading Section: "reloadable-plugin/EntrySettingsAdapterRegistryImpl/DefaultPlugin of DefaultPlugin [roughlyenoughitems]/" done in 50.70 μs
[00:35:22] [Server thread/TRACE] [REI] [REICommonPlugin END] Reloading Section: "reloadable-plugin/EntrySettingsAdapterRegistryImpl/FabricFluidAPISupportPlugin/"
[00:35:22] [Server thread/TRACE] [REI] [REICommonPlugin END] Reloading Section: "reloadable-plugin/EntrySettingsAdapterRegistryImpl/FabricFluidAPISupportPlugin/" done in 45.60 μs
[00:35:22] [Server thread/TRACE] [REI] [REICommonPlugin END] Reloading Section: "reloadable-plugin/EntrySettingsAdapterRegistryImpl/DefaultRuntimePlugin of DefaultRuntimePlugin [roughlyenoughitems]/"
[00:35:22] [Server thread/TRACE] [REI] [REICommonPlugin END] Reloading Section: "reloadable-plugin/EntrySettingsAdapterRegistryImpl/DefaultRuntimePlugin of DefaultRuntimePlugin [roughlyenoughitems]/" done in 45.37 μs
[00:35:22] [Server thread/TRACE] [REI] [REICommonPlugin END] Reloading Section: "reloadable-plugin/EntrySettingsAdapterRegistryImpl/" done in 434.8 μs
[00:35:22] [Server thread/TRACE] [REI] [REICommonPlugin END] Reloading Section: "reloadable-plugin/ItemComparatorRegistryImpl/"
[00:35:22] [Server thread/TRACE] [REI] [REICommonPlugin END] Reloading Section: "reloadable-plugin/ItemComparatorRegistryImpl/DefaultPlugin of DefaultPlugin [roughlyenoughitems]/"
[00:35:22] [Server thread/TRACE] [REI] [REICommonPlugin END] Reloading Section: "reloadable-plugin/ItemComparatorRegistryImpl/DefaultPlugin of DefaultPlugin [roughlyenoughitems]/" done in 35.28 μs
[00:35:22] [Server thread/TRACE] [REI] [REICommonPlugin END] Reloading Section: "reloadable-plugin/ItemComparatorRegistryImpl/FabricFluidAPISupportPlugin/"
[00:35:22] [Server thread/TRACE] [REI] [REICommonPlugin END] Reloading Section: "reloadable-plugin/ItemComparatorRegistryImpl/FabricFluidAPISupportPlugin/" done in 31.15 μs
[00:35:22] [Server thread/TRACE] [REI] [REICommonPlugin END] Reloading Section: "reloadable-plugin/ItemComparatorRegistryImpl/DefaultRuntimePlugin of DefaultRuntimePlugin [roughlyenoughitems]/"
[00:35:22] [Server thread/TRACE] [REI] [REICommonPlugin END] Reloading Section: "reloadable-plugin/ItemComparatorRegistryImpl/DefaultRuntimePlugin of DefaultRuntimePlugin [roughlyenoughitems]/" done in 41.97 μs
[00:35:22] [Server thread/TRACE] [REI] [REICommonPlugin END] Reloading Section: "reloadable-plugin/ItemComparatorRegistryImpl/" done in 384.5 μs
[00:35:22] [Server thread/TRACE] [REI] [REICommonPlugin END] Reloading Section: "reloadable-plugin/FluidComparatorRegistryImpl/"
[00:35:22] [Server thread/TRACE] [REI] [REICommonPlugin END] Reloading Section: "reloadable-plugin/FluidComparatorRegistryImpl/DefaultPlugin of DefaultPlugin [roughlyenoughitems]/"
[00:35:22] [Server thread/TRACE] [REI] [REICommonPlugin END] Reloading Section: "reloadable-plugin/FluidComparatorRegistryImpl/DefaultPlugin of DefaultPlugin [roughlyenoughitems]/" done in 30.92 μs
[00:35:22] [Server thread/TRACE] [REI] [REICommonPlugin END] Reloading Section: "reloadable-plugin/FluidComparatorRegistryImpl/FabricFluidAPISupportPlugin/"
[00:35:22] [Server thread/TRACE] [REI] [REICommonPlugin END] Reloading Section: "reloadable-plugin/FluidComparatorRegistryImpl/FabricFluidAPISupportPlugin/" done in 28.18 μs
[00:35:22] [Server thread/TRACE] [REI] [REICommonPlugin END] Reloading Section: "reloadable-plugin/FluidComparatorRegistryImpl/DefaultRuntimePlugin of DefaultRuntimePlugin [roughlyenoughitems]/"
[00:35:22] [Server thread/TRACE] [REI] [REICommonPlugin END] Reloading Section: "reloadable-plugin/FluidComparatorRegistryImpl/DefaultRuntimePlugin of DefaultRuntimePlugin [roughlyenoughitems]/" done in 29.90 μs
[00:35:22] [Server thread/TRACE] [REI] [REICommonPlugin END] Reloading Section: "reloadable-plugin/FluidComparatorRegistryImpl/" done in 313.4 μs
[00:35:22] [Server thread/TRACE] [REI] [REICommonPlugin END] Reloading Section: "reloadable-plugin/DisplaySerializerRegistryImpl/"
[00:35:22] [Server thread/TRACE] [REI] [REICommonPlugin END] Reloading Section: "reloadable-plugin/DisplaySerializerRegistryImpl/DefaultPlugin of DefaultPlugin [roughlyenoughitems]/"
[00:35:22] [Server thread/TRACE] [REI] [REICommonPlugin END] Reloading Section: "reloadable-plugin/DisplaySerializerRegistryImpl/DefaultPlugin of DefaultPlugin [roughlyenoughitems]/" done in 38.91 μs
[00:35:22] [Server thread/TRACE] [REI] [REICommonPlugin END] Reloading Section: "reloadable-plugin/DisplaySerializerRegistryImpl/FabricFluidAPISupportPlugin/"
[00:35:22] [Server thread/TRACE] [REI] [REICommonPlugin END] Reloading Section: "reloadable-plugin/DisplaySerializerRegistryImpl/FabricFluidAPISupportPlugin/" done in 43.62 μs
[00:35:22] [Server thread/TRACE] [REI] [REICommonPlugin END] Reloading Section: "reloadable-plugin/DisplaySerializerRegistryImpl/DefaultRuntimePlugin of DefaultRuntimePlugin [roughlyenoughitems]/"
[00:35:22] [Server thread/TRACE] [REI] [REICommonPlugin END] Reloading Section: "reloadable-plugin/DisplaySerializerRegistryImpl/DefaultRuntimePlugin of DefaultRuntimePlugin [roughlyenoughitems]/" done in 38.79 μs
[00:35:22] [Server thread/TRACE] [REI] [REICommonPlugin END] Reloading Section: "reloadable-plugin/DisplaySerializerRegistryImpl/" done in 432.3 μs
[00:35:22] [Server thread/TRACE] [REI] [REICommonPlugin END] Reloading Section: "reloadable-plugin/ServerDisplayRegistryImpl/"
[00:35:22] [Server thread/TRACE] [REI] [REICommonPlugin END] Reloading Section: "reloadable-plugin/ServerDisplayRegistryImpl/DefaultPlugin of DefaultPlugin [roughlyenoughitems]/"
[00:35:22] [Server thread/DEBUG] [REI] Added display filter: me.shedaniel.rei.api.common.registry.display.DisplayConsumer$RecipeManagerConsumer$RecipeFillerBuilder$$Lambda/0x00007fc3513b9ae0@5a1d5baa
[00:35:22] [Server thread/DEBUG] [REI] Added display filter: me.shedaniel.rei.api.common.registry.display.DisplayConsumer$RecipeManagerConsumer$RecipeFillerBuilder$$Lambda/0x00007fc3513b9ae0@5bdd4116
[00:35:22] [Server thread/DEBUG] [REI] Added display filter: me.shedaniel.rei.api.common.registry.display.DisplayConsumer$RecipeManagerConsumer$RecipeFillerBuilder$$Lambda/0x00007fc3513b9ae0@308ed5da
[00:35:22] [Server thread/DEBUG] [REI] Added display filter: me.shedaniel.rei.api.common.registry.display.DisplayConsumer$RecipeManagerConsumer$RecipeFillerBuilder$$Lambda/0x00007fc3513b9ae0@172cb69
[00:35:22] [Server thread/DEBUG] [REI] Added display filter: me.shedaniel.rei.api.common.registry.display.DisplayConsumer$RecipeManagerConsumer$RecipeFillerBuilder$$Lambda/0x00007fc3513b9ae0@37e94363
[00:35:22] [Server thread/DEBUG] [REI] Added display filter: me.shedaniel.rei.api.common.registry.display.DisplayConsumer$RecipeManagerConsumer$RecipeFillerBuilder$$Lambda/0x00007fc3513b9ae0@278aaae7
[00:35:22] [Server thread/DEBUG] [REI] Added display filter: me.shedaniel.rei.api.common.registry.display.DisplayConsumer$RecipeManagerConsumer$RecipeFillerBuilder$$Lambda/0x00007fc3513b9ae0@5044499a
[00:35:22] [Server thread/DEBUG] [REI] Added display filter: me.shedaniel.rei.api.common.registry.display.DisplayConsumer$RecipeManagerConsumer$RecipeFillerBuilder$$Lambda/0x00007fc3513bb0c8@32948f4f
[00:35:22] [Server thread/DEBUG] [REI] Added display filter: me.shedaniel.rei.api.common.registry.display.DisplayConsumer$RecipeManagerConsumer$RecipeFillerBuilder$$Lambda/0x00007fc3513bb0c8@724e22fb
[00:35:22] [Server thread/DEBUG] [REI] Added display filter: me.shedaniel.rei.api.common.registry.display.DisplayConsumer$RecipeManagerConsumer$RecipeFillerBuilder$$Lambda/0x00007fc3513bb0c8@3a08bc94
[00:35:22] [Server thread/DEBUG] [REI] Added display filter: me.shedaniel.rei.api.common.registry.display.DisplayConsumer$RecipeManagerConsumer$RecipeFillerBuilder$$Lambda/0x00007fc3513bb0c8@ae4e99a
[00:35:22] [Server thread/DEBUG] [REI] Added display filter: me.shedaniel.rei.api.common.registry.display.DisplayConsumer$RecipeManagerConsumer$RecipeFillerBuilder$$Lambda/0x00007fc3513bb0c8@1c9ce17e
[00:35:22] [Server thread/DEBUG] [REI] Added display filter: me.shedaniel.rei.api.common.registry.display.DisplayConsumer$RecipeManagerConsumer$RecipeFillerBuilder$$Lambda/0x00007fc3513bb0c8@1f4641ec
[00:35:22] [Server thread/DEBUG] [REI] Added display filter: me.shedaniel.rei.api.common.registry.display.DisplayConsumer$RecipeManagerConsumer$RecipeFillerBuilder$$Lambda/0x00007fc3513bb0c8@60d5a28c
[00:35:22] [Server thread/DEBUG] [REI] Added display filter: me.shedaniel.rei.api.common.registry.display.DisplayConsumer$RecipeManagerConsumer$RecipeFillerBuilder$$Lambda/0x00007fc3513bb0c8@4dd02f35
[00:35:22] [Server thread/DEBUG] [REI] Added display filter: me.shedaniel.rei.api.common.registry.display.DisplayConsumer$RecipeManagerConsumer$RecipeFillerBuilder$$Lambda/0x00007fc3513bb0c8@36bca0e0
[00:35:22] [Server thread/TRACE] [REI] [REICommonPlugin END] Reloading Section: "reloadable-plugin/ServerDisplayRegistryImpl/DefaultPlugin of DefaultPlugin [roughlyenoughitems]/" done in 5.162 ms
[00:35:22] [Server thread/TRACE] [REI] [REICommonPlugin END] Reloading Section: "reloadable-plugin/ServerDisplayRegistryImpl/FabricFluidAPISupportPlugin/"
[00:35:22] [Server thread/TRACE] [REI] [REICommonPlugin END] Reloading Section: "reloadable-plugin/ServerDisplayRegistryImpl/FabricFluidAPISupportPlugin/" done in 45.04 μs
[00:35:22] [Server thread/TRACE] [REI] [REICommonPlugin END] Reloading Section: "reloadable-plugin/ServerDisplayRegistryImpl/DefaultRuntimePlugin of DefaultRuntimePlugin [roughlyenoughitems]/"
[00:35:22] [Server thread/TRACE] [REI] [REICommonPlugin END] Reloading Section: "reloadable-plugin/ServerDisplayRegistryImpl/DefaultRuntimePlugin of DefaultRuntimePlugin [roughlyenoughitems]/" done in 41.09 μs
[00:35:22] [Server thread/TRACE] [REI] [REICommonPlugin END] Reloading Section: "reloadable-plugin/ServerDisplayRegistryImpl/" done in 5.557 ms
[00:35:22] [Server thread/TRACE] [REI] [REICommonPlugin END] Reloading Section: "reloadable-plugin/FluidSupportProviderImpl/"
[00:35:22] [Server thread/TRACE] [REI] [REICommonPlugin END] Reloading Section: "reloadable-plugin/FluidSupportProviderImpl/DefaultPlugin of DefaultPlugin [roughlyenoughitems]/"
[00:35:22] [Server thread/TRACE] [REI] [REICommonPlugin END] Reloading Section: "reloadable-plugin/FluidSupportProviderImpl/DefaultPlugin of DefaultPlugin [roughlyenoughitems]/" done in 38.79 μs
[00:35:22] [Server thread/TRACE] [REI] [REICommonPlugin END] Reloading Section: "reloadable-plugin/FluidSupportProviderImpl/FabricFluidAPISupportPlugin/"
[00:35:22] [Server thread/TRACE] [REI] [REICommonPlugin END] Reloading Section: "reloadable-plugin/FluidSupportProviderImpl/FabricFluidAPISupportPlugin/" done in 41.01 μs
[00:35:22] [Server thread/TRACE] [REI] [REICommonPlugin END] Reloading Section: "reloadable-plugin/FluidSupportProviderImpl/DefaultRuntimePlugin of DefaultRuntimePlugin [roughlyenoughitems]/"
[00:35:22] [Server thread/TRACE] [REI] [REICommonPlugin END] Reloading Section: "reloadable-plugin/FluidSupportProviderImpl/DefaultRuntimePlugin of DefaultRuntimePlugin [roughlyenoughitems]/" done in 2.301 ms
[00:35:22] [Server thread/TRACE] [REI] [REICommonPlugin END] Reloading Section: "reloadable-plugin/FluidSupportProviderImpl/" done in 2.709 ms
[00:35:22] [Server thread/DEBUG] [REI] ========================================
[00:35:22] [Server thread/DEBUG] [REI] REICommonPlugin ending main-reload for END.
[00:35:22] [Server thread/DEBUG] [REI] ========================================
[00:35:22] [Server thread/TRACE] [REI] [REICommonPlugin END] Reloading Section: "end-reload/"
[00:35:22] [Server thread/TRACE] [REI] [REICommonPlugin END] Reloading Section: "end-reload/SlotAccessorRegistryImpl/"
[00:35:22] [Server thread/DEBUG] [REI] Registered 2 slot accessor serializers
[00:35:22] [Server thread/TRACE] [REI] [REICommonPlugin END] Reloading Section: "end-reload/SlotAccessorRegistryImpl/" done in 91.39 μs
[00:35:22] [Server thread/TRACE] [REI] [REICommonPlugin END] Reloading Section: "end-reload/EntryTypeRegistryImpl/"
[00:35:22] [Server thread/TRACE] [REI] [REICommonPlugin END] Reloading Section: "end-reload/EntryTypeRegistryImpl/" done in 38.20 μs
[00:35:22] [Server thread/TRACE] [REI] [REICommonPlugin END] Reloading Section: "end-reload/EntrySettingsAdapterRegistryImpl/"
[00:35:22] [Server thread/TRACE] [REI] [REICommonPlugin END] Reloading Section: "end-reload/EntrySettingsAdapterRegistryImpl/" done in 36.03 μs
[00:35:22] [Server thread/TRACE] [REI] [REICommonPlugin END] Reloading Section: "end-reload/ItemComparatorRegistryImpl/"
[00:35:22] [Server thread/TRACE] [REI] [REICommonPlugin END] Reloading Section: "end-reload/ItemComparatorRegistryImpl/" done in 46.71 μs
[00:35:22] [Server thread/TRACE] [REI] [REICommonPlugin END] Reloading Section: "end-reload/FluidComparatorRegistryImpl/"
[00:35:22] [Server thread/TRACE] [REI] [REICommonPlugin END] Reloading Section: "end-reload/FluidComparatorRegistryImpl/" done in 64.13 μs
[00:35:22] [Server thread/TRACE] [REI] [REICommonPlugin END] Reloading Section: "end-reload/DisplaySerializerRegistryImpl/"
[00:35:22] [Server thread/TRACE] [REI] [REICommonPlugin END] Reloading Section: "end-reload/DisplaySerializerRegistryImpl/" done in 36.93 μs
[00:35:22] [Server thread/TRACE] [REI] [REICommonPlugin END] Reloading Section: "end-reload/ServerDisplayRegistryImpl/"
[00:35:22] [Server thread/DEBUG] [REI] Found preliminary 0 displays
[00:35:22] [Server thread/DEBUG] [REI] Filled 2955 displays from recipe manager in 80.18 ms
[00:35:22] [Server thread/TRACE] [REI] [REICommonPlugin END] Reloading Section: "end-reload/ServerDisplayRegistryImpl/" done in 80.49 ms
[00:35:22] [Server thread/TRACE] [REI] [REICommonPlugin END] Reloading Section: "end-reload/FluidSupportProviderImpl/"
[00:35:22] [Server thread/TRACE] [REI] [REICommonPlugin END] Reloading Section: "end-reload/FluidSupportProviderImpl/" done in 48.69 μs
[00:35:22] [Server thread/TRACE] [REI] [REICommonPlugin END] Reloading Section: "end-reload/" done in 81.58 ms
[00:35:22] [Server thread/DEBUG] [REI] ========================================
[00:35:22] [Server thread/DEBUG] [REI] REICommonPlugin ended main-reload for END in 102.6 ms.
[00:35:22] [Server thread/DEBUG] [REI] ========================================
[00:35:22] [Server thread/DEBUG] [REI] ========================================
[00:35:22] [Server thread/DEBUG] [REI] REICommonPlugin starting post-reload for END.
[00:35:22] [Server thread/DEBUG] [REI] Reloadables (8):
[00:35:22] [Server thread/DEBUG] [REI]  - SlotAccessorRegistryImpl
[00:35:22] [Server thread/DEBUG] [REI]  - EntryTypeRegistryImpl
[00:35:22] [Server thread/DEBUG] [REI]  - EntrySettingsAdapterRegistryImpl
[00:35:22] [Server thread/DEBUG] [REI]  - ItemComparatorRegistryImpl
[00:35:22] [Server thread/DEBUG] [REI]  - FluidComparatorRegistryImpl
[00:35:22] [Server thread/DEBUG] [REI]  - DisplaySerializerRegistryImpl
[00:35:22] [Server thread/DEBUG] [REI]  - ServerDisplayRegistryImpl
[00:35:22] [Server thread/DEBUG] [REI]  - FluidSupportProviderImpl
[00:35:22] [Server thread/DEBUG] [REI] Plugins (3):
[00:35:22] [Server thread/DEBUG] [REI]  - (-100.00) DefaultPlugin of DefaultPlugin [roughlyenoughitems]
[00:35:22] [Server thread/DEBUG] [REI]  - (0.00) FabricFluidAPISupportPlugin
[00:35:22] [Server thread/DEBUG] [REI]  - (0.00) DefaultRuntimePlugin of DefaultRuntimePlugin [roughlyenoughitems]
[00:35:22] [Server thread/DEBUG] [REI] ========================================
[00:35:22] [Server thread/TRACE] [REI] [REICommonPlugin END] Reloading Section: "post-register/"
[00:35:22] [Server thread/TRACE] [REI] [REICommonPlugin END] Reloading Section: "post-register/DefaultPlugin of DefaultPlugin [roughlyenoughitems]/"
[00:35:22] [Server thread/TRACE] [REI] [REICommonPlugin END] Reloading Section: "post-register/DefaultPlugin of DefaultPlugin [roughlyenoughitems]/" done in 56.59 μs
[00:35:22] [Server thread/TRACE] [REI] [REICommonPlugin END] Reloading Section: "post-register/FabricFluidAPISupportPlugin/"
[00:35:22] [Server thread/TRACE] [REI] [REICommonPlugin END] Reloading Section: "post-register/FabricFluidAPISupportPlugin/" done in 44.16 μs
[00:35:22] [Server thread/TRACE] [REI] [REICommonPlugin END] Reloading Section: "post-register/DefaultRuntimePlugin of DefaultRuntimePlugin [roughlyenoughitems]/"
[00:35:22] [Server thread/TRACE] [REI] [REICommonPlugin END] Reloading Section: "post-register/DefaultRuntimePlugin of DefaultRuntimePlugin [roughlyenoughitems]/" done in 42.08 μs
[00:35:22] [Server thread/TRACE] [REI] [REICommonPlugin END] Reloading Section: "post-register/" done in 441.9 μs
[00:35:22] [Server thread/TRACE] [REI] [REICommonPlugin END] Reloading Section: "post-stage/"
[00:35:22] [Server thread/TRACE] [REI] [REICommonPlugin END] Reloading Section: "post-stage/SlotAccessorRegistryImpl/"
[00:35:22] [Server thread/TRACE] [REI] [REICommonPlugin END] Reloading Section: "post-stage/SlotAccessorRegistryImpl/" done in 42.54 μs
[00:35:22] [Server thread/TRACE] [REI] [REICommonPlugin END] Reloading Section: "post-stage/EntryTypeRegistryImpl/"
[00:35:22] [Server thread/TRACE] [REI] [REICommonPlugin END] Reloading Section: "post-stage/EntryTypeRegistryImpl/" done in 44.02 μs
[00:35:22] [Server thread/TRACE] [REI] [REICommonPlugin END] Reloading Section: "post-stage/EntrySettingsAdapterRegistryImpl/"
[00:35:22] [Server thread/TRACE] [REI] [REICommonPlugin END] Reloading Section: "post-stage/EntrySettingsAdapterRegistryImpl/" done in 66.43 μs
[00:35:22] [Server thread/TRACE] [REI] [REICommonPlugin END] Reloading Section: "post-stage/ItemComparatorRegistryImpl/"
[00:35:22] [Server thread/TRACE] [REI] [REICommonPlugin END] Reloading Section: "post-stage/ItemComparatorRegistryImpl/" done in 73.55 μs
[00:35:22] [Server thread/TRACE] [REI] [REICommonPlugin END] Reloading Section: "post-stage/FluidComparatorRegistryImpl/"
[00:35:22] [Server thread/TRACE] [REI] [REICommonPlugin END] Reloading Section: "post-stage/FluidComparatorRegistryImpl/" done in 39.79 μs
[00:35:22] [Server thread/TRACE] [REI] [REICommonPlugin END] Reloading Section: "post-stage/DisplaySerializerRegistryImpl/"
[00:35:22] [Server thread/TRACE] [REI] [REICommonPlugin END] Reloading Section: "post-stage/DisplaySerializerRegistryImpl/" done in 42.54 μs
[00:35:22] [Server thread/TRACE] [REI] [REICommonPlugin END] Reloading Section: "post-stage/ServerDisplayRegistryImpl/"
[00:35:22] [Server thread/TRACE] [REI] [REICommonPlugin END] Reloading Section: "post-stage/ServerDisplayRegistryImpl/" done in 44.58 μs
[00:35:22] [Server thread/TRACE] [REI] [REICommonPlugin END] Reloading Section: "post-stage/FluidSupportProviderImpl/"
[00:35:22] [Server thread/TRACE] [REI] [REICommonPlugin END] Reloading Section: "post-stage/FluidSupportProviderImpl/" done in 37.89 μs
[00:35:22] [Server thread/TRACE] [REI] [REICommonPlugin END] Reloading Section: "post-stage/" done in 1.040 ms
[00:35:22] [Server thread/DEBUG] [REI] ========================================
[00:35:22] [Server thread/INFO] [REI] REICommonPlugin finished post-reload for END in 1.682 ms, totaling 110.2 ms.
[00:35:22] [Server thread/DEBUG] [REI] ========================================
[00:35:23] [Server thread/DEBUG] [REI] Updating players with new displays version 58E4998F00000001 [from 58E4998F00000000]
[00:36:51] [Server thread/DEBUG] [REI] Player SrLipord has outdated displays version 0 [latest version: 58E4998F00000001]
[00:36:51] [Server thread/DEBUG] [REI] Player SrLipord has outdated displays version 0 [latest version: 58E4998F00000001], sending reset packet request.
[00:37:02] [Server thread/DEBUG] [REI] Player SrLipord has outdated displays version 0 [latest version: 58E4998F00000001]
[00:37:02] [Server thread/DEBUG] [REI] Player SrLipord has outdated displays version 0 [latest version: 58E4998F00000001], sending reset packet request.
[00:37:11] [Server thread/DEBUG] [REI] Player SrLipord has outdated displays version 0 [latest version: 58E4998F00000001]
[00:37:11] [Server thread/DEBUG] [REI] Player SrLipord has outdated displays version 0 [latest version: 58E4998F00000001], sending reset packet request.
[00:37:46] [Server thread/DEBUG] [REI] Player Gathorin has outdated displays version 0 [latest version: 58E4998F00000001]
[00:37:46] [Server thread/DEBUG] [REI] Player Gathorin has outdated displays version 0 [latest version: 58E4998F00000001], sending reset packet request.
[00:38:28] [Server thread/DEBUG] [REI] Player SrLipord has outdated displays version 0 [latest version: 58E4998F00000001]
[00:38:28] [Server thread/DEBUG] [REI] Player SrLipord has outdated displays version 0 [latest version: 58E4998F00000001], sending reset packet request.
[00:38:36] [Server thread/DEBUG] [REI] Player Gathorin has outdated displays version 0 [latest version: 58E4998F00000001]
[00:38:36] [Server thread/DEBUG] [REI] Player Gathorin has outdated displays version 0 [latest version: 58E4998F00000001], sending reset packet request.
[00:38:59] [Server thread/DEBUG] [REI] Player SrLipord has outdated displays version 0 [latest version: 58E4998F00000001]
[00:38:59] [Server thread/DEBUG] [REI] Player SrLipord has outdated displays version 0 [latest version: 58E4998F00000001], sending reset packet request.
